2024-12-05 20:59:56,754 [Server thread] ERROR GottschCore | AbstractResourceManager.java:173 | Unable to locate resource /structures/treasure2/float/
2024-12-05 20:59:58,908 [Server thread] INFO GottschCore | VersionChecker.java:110 | [gottschcore] Starting version check at https://raw.githubusercontent.com/gottsch/gottsch-minecraft-GottschCore/master/GottschCore1.12.2/update.json
2024-12-05 20:59:58,931 [Server thread] WARN GottschCore | VersionChecker.java:119 | Unexpected expection in data stream: 
java.io.FileNotFoundException: https://raw.githubusercontent.com/gottsch/gottsch-minecraft-GottschCore/master/GottschCore1.12.2/update.json
	at sun.net.www.protocol.http.HttpURLConnection.getInputStream0(HttpURLConnection.java:1913) ~[?:1.8.0_432]
	at sun.net.www.protocol.http.HttpURLConnection.access$200(HttpURLConnection.java:92) ~[?:1.8.0_432]
	at sun.net.www.protocol.http.HttpURLConnection$9.run(HttpURLConnection.java:1507) ~[?:1.8.0_432]
	at sun.net.www.protocol.http.HttpURLConnection$9.run(HttpURLConnection.java:1505) ~[?:1.8.0_432]
	at java.security.AccessController.doPrivileged(Native Method) ~[?:1.8.0_432]
	at java.security.AccessController.doPrivilegedWithCombiner(AccessController.java:784) ~[?:1.8.0_432]
	at sun.net.www.protocol.http.HttpURLConnection.getInputStream(HttpURLConnection.java:1504) ~[?:1.8.0_432]
	at sun.net.www.protocol.https.HttpsURLConnectionImpl.getInputStream(HttpsURLConnectionImpl.java:268) ~[?:1.8.0_432]
	at java.net.URL.openStream(URL.java:1093) ~[?:1.8.0_432]
	at com.someguyssoftware.gottschcore.version.VersionChecker.getVersionUsingForge(VersionChecker.java:114) [VersionChecker.class:?]
	at com.someguyssoftware.gottschcore.mod.AbstractMod.postInit(AbstractMod.java:65) [AbstractMod.class:?]
	at com.someguyssoftware.gottschcore.GottschCore.postInit(GottschCore.java:93) [GottschCore.class:?]
	at sun.reflect.NativeMethodAccessorImpl.invoke0(Native Method) ~[?:1.8.0_432]
	at sun.reflect.NativeMethodAccessorImpl.invoke(NativeMethodAccessorImpl.java:62) ~[?:1.8.0_432]
	at sun.reflect.DelegatingMethodAccessorImpl.invoke(DelegatingMethodAccessorImpl.java:43) ~[?:1.8.0_432]
	at java.lang.reflect.Method.invoke(Method.java:498) ~[?:1.8.0_432]
	at net.minecraftforge.fml.common.FMLModContainer.handleModStateEvent(FMLModContainer.java:637) [FMLModContainer.class:?]
	at sun.reflect.GeneratedMethodAccessor9.invoke(Unknown Source) ~[?:?]
	at sun.reflect.DelegatingMethodAccessorImpl.invoke(DelegatingMethodAccessorImpl.java:43) ~[?:1.8.0_432]
	at java.lang.reflect.Method.invoke(Method.java:498) ~[?:1.8.0_432]
	at com.google.common.eventbus.Subscriber.invokeSubscriberMethod(Subscriber.java:91) [minecraft_server.1.12.2.jar:?]
	at com.google.common.eventbus.Subscriber$SynchronizedSubscriber.invokeSubscriberMethod(Subscriber.java:150) [minecraft_server.1.12.2.jar:?]
	at com.google.common.eventbus.Subscriber$1.run(Subscriber.java:76) [minecraft_server.1.12.2.jar:?]
	at com.google.common.util.concurrent.MoreExecutors$DirectExecutor.execute(MoreExecutors.java:399) [minecraft_server.1.12.2.jar:?]
	at com.google.common.eventbus.Subscriber.dispatchEvent(Subscriber.java:71) [minecraft_server.1.12.2.jar:?]
	at com.google.common.eventbus.Dispatcher$PerThreadQueuedDispatcher.dispatch(Dispatcher.java:116) [minecraft_server.1.12.2.jar:?]
	at com.google.common.eventbus.EventBus.post(EventBus.java:217) [minecraft_server.1.12.2.jar:?]
	at net.minecraftforge.fml.common.LoadController.sendEventToModContainer(LoadController.java:219) [LoadController.class:?]
	at net.minecraftforge.fml.common.LoadController.propogateStateMessage(LoadController.java:197) [LoadController.class:?]
	at sun.reflect.NativeMethodAccessorImpl.invoke0(Native Method) ~[?:1.8.0_432]
	at sun.reflect.NativeMethodAccessorImpl.invoke(NativeMethodAccessorImpl.java:62) ~[?:1.8.0_432]
	at sun.reflect.DelegatingMethodAccessorImpl.invoke(DelegatingMethodAccessorImpl.java:43) ~[?:1.8.0_432]
	at java.lang.reflect.Method.invoke(Method.java:498) ~[?:1.8.0_432]
	at com.google.common.eventbus.Subscriber.invokeSubscriberMethod(Subscriber.java:91) [minecraft_server.1.12.2.jar:?]
	at com.google.common.eventbus.Subscriber$SynchronizedSubscriber.invokeSubscriberMethod(Subscriber.java:150) [minecraft_server.1.12.2.jar:?]
	at com.google.common.eventbus.Subscriber$1.run(Subscriber.java:76) [minecraft_server.1.12.2.jar:?]
	at com.google.common.util.concurrent.MoreExecutors$DirectExecutor.execute(MoreExecutors.java:399) [minecraft_server.1.12.2.jar:?]
	at com.google.common.eventbus.Subscriber.dispatchEvent(Subscriber.java:71) [minecraft_server.1.12.2.jar:?]
	at com.google.common.eventbus.Dispatcher$PerThreadQueuedDispatcher.dispatch(Dispatcher.java:116) [minecraft_server.1.12.2.jar:?]
	at com.google.common.eventbus.EventBus.post(EventBus.java:217) [minecraft_server.1.12.2.jar:?]
	at net.minecraftforge.fml.common.LoadController.distributeStateMessage(LoadController.java:136) [LoadController.class:?]
	at net.minecraftforge.fml.common.Loader.initializeMods(Loader.java:754) [Loader.class:?]
	at net.minecraftforge.fml.server.FMLServerHandler.finishServerLoading(FMLServerHandler.java:108) [FMLServerHandler.class:?]
	at net.minecraftforge.fml.common.FMLCommonHandler.onServerStarted(FMLCommonHandler.java:338) [FMLCommonHandler.class:?]
	at net.minecraft.server.dedicated.DedicatedServer.func_71197_b(DedicatedServer.java:219) [nz.class:?]
	at net.minecraft.server.MinecraftServer.run(MinecraftServer.java:486) [MinecraftServer.class:?]
	at java.lang.Thread.run(Thread.java:750) [?:1.8.0_432]
2024-12-05 20:59:58,932 [Server thread] WARN GottschCore | VersionChecker.java:55 | Bad URL: null
2024-12-05 21:00:00,274 [Server thread] INFO GottschCore | VersionChecker.java:110 | [treasure2] Starting version check at https://raw.githubusercontent.com/gottsch/gottsch-minecraft-Treasure/master/Treasure2-1.12.2/update.json
2024-12-05 21:00:00,298 [Server thread] WARN GottschCore | VersionChecker.java:119 | Unexpected expection in data stream: 
java.io.FileNotFoundException: https://raw.githubusercontent.com/gottsch/gottsch-minecraft-Treasure/master/Treasure2-1.12.2/update.json
	at sun.net.www.protocol.http.HttpURLConnection.getInputStream0(HttpURLConnection.java:1913) ~[?:1.8.0_432]
	at sun.net.www.protocol.http.HttpURLConnection.access$200(HttpURLConnection.java:92) ~[?:1.8.0_432]
	at sun.net.www.protocol.http.HttpURLConnection$9.run(HttpURLConnection.java:1507) ~[?:1.8.0_432]
	at sun.net.www.protocol.http.HttpURLConnection$9.run(HttpURLConnection.java:1505) ~[?:1.8.0_432]
	at java.security.AccessController.doPrivileged(Native Method) ~[?:1.8.0_432]
	at java.security.AccessController.doPrivilegedWithCombiner(AccessController.java:784) ~[?:1.8.0_432]
	at sun.net.www.protocol.http.HttpURLConnection.getInputStream(HttpURLConnection.java:1504) ~[?:1.8.0_432]
	at sun.net.www.protocol.https.HttpsURLConnectionImpl.getInputStream(HttpsURLConnectionImpl.java:268) ~[?:1.8.0_432]
	at java.net.URL.openStream(URL.java:1093) ~[?:1.8.0_432]
	at com.someguyssoftware.gottschcore.version.VersionChecker.getVersionUsingForge(VersionChecker.java:114) [VersionChecker.class:?]
	at com.someguyssoftware.gottschcore.mod.AbstractMod.postInit(AbstractMod.java:65) [AbstractMod.class:?]
	at com.someguyssoftware.treasure2.Treasure.postInit(Treasure.java:232) [Treasure.class:?]
	at sun.reflect.NativeMethodAccessorImpl.invoke0(Native Method) ~[?:1.8.0_432]
	at sun.reflect.NativeMethodAccessorImpl.invoke(NativeMethodAccessorImpl.java:62) ~[?:1.8.0_432]
	at sun.reflect.DelegatingMethodAccessorImpl.invoke(DelegatingMethodAccessorImpl.java:43) ~[?:1.8.0_432]
	at java.lang.reflect.Method.invoke(Method.java:498) ~[?:1.8.0_432]
	at net.minecraftforge.fml.common.FMLModContainer.handleModStateEvent(FMLModContainer.java:637) [FMLModContainer.class:?]
	at sun.reflect.GeneratedMethodAccessor9.invoke(Unknown Source) ~[?:?]
	at sun.reflect.DelegatingMethodAccessorImpl.invoke(DelegatingMethodAccessorImpl.java:43) ~[?:1.8.0_432]
	at java.lang.reflect.Method.invoke(Method.java:498) ~[?:1.8.0_432]
	at com.google.common.eventbus.Subscriber.invokeSubscriberMethod(Subscriber.java:91) [minecraft_server.1.12.2.jar:?]
	at com.google.common.eventbus.Subscriber$SynchronizedSubscriber.invokeSubscriberMethod(Subscriber.java:150) [minecraft_server.1.12.2.jar:?]
	at com.google.common.eventbus.Subscriber$1.run(Subscriber.java:76) [minecraft_server.1.12.2.jar:?]
	at com.google.common.util.concurrent.MoreExecutors$DirectExecutor.execute(MoreExecutors.java:399) [minecraft_server.1.12.2.jar:?]
	at com.google.common.eventbus.Subscriber.dispatchEvent(Subscriber.java:71) [minecraft_server.1.12.2.jar:?]
	at com.google.common.eventbus.Dispatcher$PerThreadQueuedDispatcher.dispatch(Dispatcher.java:116) [minecraft_server.1.12.2.jar:?]
	at com.google.common.eventbus.EventBus.post(EventBus.java:217) [minecraft_server.1.12.2.jar:?]
	at net.minecraftforge.fml.common.LoadController.sendEventToModContainer(LoadController.java:219) [LoadController.class:?]
	at net.minecraftforge.fml.common.LoadController.propogateStateMessage(LoadController.java:197) [LoadController.class:?]
	at sun.reflect.NativeMethodAccessorImpl.invoke0(Native Method) ~[?:1.8.0_432]
	at sun.reflect.NativeMethodAccessorImpl.invoke(NativeMethodAccessorImpl.java:62) ~[?:1.8.0_432]
	at sun.reflect.DelegatingMethodAccessorImpl.invoke(DelegatingMethodAccessorImpl.java:43) ~[?:1.8.0_432]
	at java.lang.reflect.Method.invoke(Method.java:498) ~[?:1.8.0_432]
	at com.google.common.eventbus.Subscriber.invokeSubscriberMethod(Subscriber.java:91) [minecraft_server.1.12.2.jar:?]
	at com.google.common.eventbus.Subscriber$SynchronizedSubscriber.invokeSubscriberMethod(Subscriber.java:150) [minecraft_server.1.12.2.jar:?]
	at com.google.common.eventbus.Subscriber$1.run(Subscriber.java:76) [minecraft_server.1.12.2.jar:?]
	at com.google.common.util.concurrent.MoreExecutors$DirectExecutor.execute(MoreExecutors.java:399) [minecraft_server.1.12.2.jar:?]
	at com.google.common.eventbus.Subscriber.dispatchEvent(Subscriber.java:71) [minecraft_server.1.12.2.jar:?]
	at com.google.common.eventbus.Dispatcher$PerThreadQueuedDispatcher.dispatch(Dispatcher.java:116) [minecraft_server.1.12.2.jar:?]
	at com.google.common.eventbus.EventBus.post(EventBus.java:217) [minecraft_server.1.12.2.jar:?]
	at net.minecraftforge.fml.common.LoadController.distributeStateMessage(LoadController.java:136) [LoadController.class:?]
	at net.minecraftforge.fml.common.Loader.initializeMods(Loader.java:754) [Loader.class:?]
	at net.minecraftforge.fml.server.FMLServerHandler.finishServerLoading(FMLServerHandler.java:108) [FMLServerHandler.class:?]
	at net.minecraftforge.fml.common.FMLCommonHandler.onServerStarted(FMLCommonHandler.java:338) [FMLCommonHandler.class:?]
	at net.minecraft.server.dedicated.DedicatedServer.func_71197_b(DedicatedServer.java:219) [nz.class:?]
	at net.minecraft.server.MinecraftServer.run(MinecraftServer.java:486) [MinecraftServer.class:?]
	at java.lang.Thread.run(Thread.java:750) [?:1.8.0_432]
2024-12-05 21:00:00,298 [Server thread] WARN GottschCore | VersionChecker.java:55 | Bad URL: 
2024-12-05 21:00:02,609 [Server thread] ERROR GottschCore | LootTableManager.java:157 | Couldn't load loot table treasure2:loot_tables/treasure2/chests/special/clam_chest from /workspaces/Mc/servidor_minecraft/config/treasure2/loot_tables/treasure2/chests/special/clam_chest.json
com.google.gson.JsonSyntaxException: Expected name to be an item, was unknown string 'treasure2:clam_meat'
	at net.minecraft.util.JsonUtils.func_188172_b(SourceFile:124) ~[rc.class:?]
	at net.minecraft.util.JsonUtils.func_188180_i(SourceFile:135) ~[rc.class:?]
	at com.someguyssoftware.gottschcore.loot.LootEntryItem.deserialize(LootEntryItem.java:100) ~[LootEntryItem.class:?]
	at com.someguyssoftware.gottschcore.loot.LootEntry$Serializer.deserialize(LootEntry.java:92) ~[LootEntry$Serializer.class:?]
	at com.someguyssoftware.gottschcore.loot.LootEntry$Serializer.deserialize(LootEntry.java:72) ~[LootEntry$Serializer.class:?]
	at com.google.gson.internal.bind.TreeTypeAdapter.read(TreeTypeAdapter.java:69) ~[TreeTypeAdapter.class:?]
	at com.google.gson.internal.bind.TypeAdapterRuntimeTypeWrapper.read(TypeAdapterRuntimeTypeWrapper.java:41) ~[TypeAdapterRuntimeTypeWrapper.class:?]
	at com.google.gson.internal.bind.ArrayTypeAdapter.read(ArrayTypeAdapter.java:72) ~[ArrayTypeAdapter.class:?]
	at com.google.gson.Gson.fromJson(Gson.java:887) ~[Gson.class:?]
	at com.google.gson.Gson.fromJson(Gson.java:952) ~[Gson.class:?]
	at com.google.gson.internal.bind.TreeTypeAdapter$GsonContextImpl.deserialize(TreeTypeAdapter.java:162) ~[TreeTypeAdapter$GsonContextImpl.class:?]
	at net.minecraft.util.JsonUtils.func_188179_a(SourceFile:439) ~[rc.class:?]
	at net.minecraft.util.JsonUtils.func_188174_a(SourceFile:447) ~[rc.class:?]
	at com.someguyssoftware.gottschcore.loot.LootPool$Serializer.deserialize(LootPool.java:168) ~[LootPool$Serializer.class:?]
	at com.someguyssoftware.gottschcore.loot.LootPool$Serializer.deserialize(LootPool.java:164) ~[LootPool$Serializer.class:?]
	at com.google.gson.internal.bind.TreeTypeAdapter.read(TreeTypeAdapter.java:69) ~[TreeTypeAdapter.class:?]
	at com.google.gson.internal.bind.TypeAdapterRuntimeTypeWrapper.read(TypeAdapterRuntimeTypeWrapper.java:41) ~[TypeAdapterRuntimeTypeWrapper.class:?]
	at com.google.gson.internal.bind.ArrayTypeAdapter.read(ArrayTypeAdapter.java:72) ~[ArrayTypeAdapter.class:?]
	at com.google.gson.Gson.fromJson(Gson.java:887) ~[Gson.class:?]
	at com.google.gson.Gson.fromJson(Gson.java:952) ~[Gson.class:?]
	at com.google.gson.internal.bind.TreeTypeAdapter$GsonContextImpl.deserialize(TreeTypeAdapter.java:162) ~[TreeTypeAdapter$GsonContextImpl.class:?]
	at net.minecraft.util.JsonUtils.func_188179_a(SourceFile:439) ~[rc.class:?]
	at net.minecraft.util.JsonUtils.func_188177_a(SourceFile:455) ~[rc.class:?]
	at com.someguyssoftware.gottschcore.loot.LootTable$Serializer.deserialize(LootTable.java:198) ~[LootTable$Serializer.class:?]
	at com.someguyssoftware.gottschcore.loot.LootTable$Serializer.deserialize(LootTable.java:195) ~[LootTable$Serializer.class:?]
	at com.google.gson.internal.bind.TreeTypeAdapter.read(TreeTypeAdapter.java:69) ~[TreeTypeAdapter.class:?]
	at com.google.gson.Gson.fromJson(Gson.java:887) ~[Gson.class:?]
	at com.google.gson.Gson.fromJson(Gson.java:852) ~[Gson.class:?]
	at com.google.gson.Gson.fromJson(Gson.java:801) ~[Gson.class:?]
	at com.google.gson.Gson.fromJson(Gson.java:773) ~[Gson.class:?]
	at com.someguyssoftware.gottschcore.loot.LootTableManager.loadLootTable(LootTableManager.java:209) ~[LootTableManager.class:?]
	at com.someguyssoftware.gottschcore.loot.LootTableManager$Loader.loadLootTable(LootTableManager.java:154) [LootTableManager$Loader.class:?]
	at com.someguyssoftware.gottschcore.loot.LootTableManager$Loader.load(LootTableManager.java:113) [LootTableManager$Loader.class:?]
	at com.someguyssoftware.gottschcore.loot.LootTableManager$Loader.load(LootTableManager.java:103) [LootTableManager$Loader.class:?]
	at com.google.common.cache.LocalCache$LoadingValueReference.loadFuture(LocalCache.java:3716) [minecraft_server.1.12.2.jar:?]
	at com.google.common.cache.LocalCache$Segment.loadSync(LocalCache.java:2424) [minecraft_server.1.12.2.jar:?]
	at com.google.common.cache.LocalCache$Segment.lockedGetOrLoad(LocalCache.java:2298) [minecraft_server.1.12.2.jar:?]
	at com.google.common.cache.LocalCache$Segment.get(LocalCache.java:2211) [minecraft_server.1.12.2.jar:?]
	at com.google.common.cache.LocalCache.get(LocalCache.java:4154) [minecraft_server.1.12.2.jar:?]
	at com.google.common.cache.LocalCache.getOrLoad(LocalCache.java:4158) [minecraft_server.1.12.2.jar:?]
	at com.google.common.cache.LocalCache$LocalLoadingCache.get(LocalCache.java:5147) [minecraft_server.1.12.2.jar:?]
	at com.google.common.cache.LocalCache$LocalLoadingCache.getUnchecked(LocalCache.java:5153) [minecraft_server.1.12.2.jar:?]
	at com.someguyssoftware.gottschcore.loot.LootTableManager.getLootTableFromLocation(LootTableManager.java:90) [LootTableManager.class:?]
	at com.someguyssoftware.treasure2.loot.TreasureLootTableMaster.register(TreasureLootTableMaster.java:145) [TreasureLootTableMaster.class:?]
	at com.someguyssoftware.treasure2.eventhandler.WorldEventHandler.onWorldLoad(WorldEventHandler.java:58) [WorldEventHandler.class:?]
	at net.minecraftforge.fml.common.eventhandler.ASMEventHandler_667_WorldEventHandler_onWorldLoad_Load.invoke(.dynamic) [?:?]
	at net.minecraftforge.fml.common.eventhandler.ASMEventHandler.invoke(ASMEventHandler.java:90) [ASMEventHandler.class:?]
	at net.minecraftforge.fml.common.eventhandler.EventBus.post(EventBus.java:182) [EventBus.class:?]
	at net.minecraft.server.MinecraftServer.func_71247_a(MinecraftServer.java:309) [MinecraftServer.class:?]
	at net.minecraft.server.dedicated.DedicatedServer.func_71197_b(DedicatedServer.java:270) [nz.class:?]
	at net.minecraft.server.MinecraftServer.run(MinecraftServer.java:486) [MinecraftServer.class:?]
	at java.lang.Thread.run(Thread.java:750) [?:1.8.0_432]
2024-12-05 21:00:02,611 [Server thread] ERROR GottschCore | LootTableManager.java:157 | Couldn't load loot table treasure2:loot_tables/treasure2/chests/special/oyster_chest from /workspaces/Mc/servidor_minecraft/config/treasure2/loot_tables/treasure2/chests/special/oyster_chest.json
com.google.gson.JsonSyntaxException: Expected name to be an item, was unknown string 'treasure2:oyster_meat'
	at net.minecraft.util.JsonUtils.func_188172_b(SourceFile:124) ~[rc.class:?]
	at net.minecraft.util.JsonUtils.func_188180_i(SourceFile:135) ~[rc.class:?]
	at com.someguyssoftware.gottschcore.loot.LootEntryItem.deserialize(LootEntryItem.java:100) ~[LootEntryItem.class:?]
	at com.someguyssoftware.gottschcore.loot.LootEntry$Serializer.deserialize(LootEntry.java:92) ~[LootEntry$Serializer.class:?]
	at com.someguyssoftware.gottschcore.loot.LootEntry$Serializer.deserialize(LootEntry.java:72) ~[LootEntry$Serializer.class:?]
	at com.google.gson.internal.bind.TreeTypeAdapter.read(TreeTypeAdapter.java:69) ~[TreeTypeAdapter.class:?]
	at com.google.gson.internal.bind.TypeAdapterRuntimeTypeWrapper.read(TypeAdapterRuntimeTypeWrapper.java:41) ~[TypeAdapterRuntimeTypeWrapper.class:?]
	at com.google.gson.internal.bind.ArrayTypeAdapter.read(ArrayTypeAdapter.java:72) ~[ArrayTypeAdapter.class:?]
	at com.google.gson.Gson.fromJson(Gson.java:887) ~[Gson.class:?]
	at com.google.gson.Gson.fromJson(Gson.java:952) ~[Gson.class:?]
	at com.google.gson.internal.bind.TreeTypeAdapter$GsonContextImpl.deserialize(TreeTypeAdapter.java:162) ~[TreeTypeAdapter$GsonContextImpl.class:?]
	at net.minecraft.util.JsonUtils.func_188179_a(SourceFile:439) ~[rc.class:?]
	at net.minecraft.util.JsonUtils.func_188174_a(SourceFile:447) ~[rc.class:?]
	at com.someguyssoftware.gottschcore.loot.LootPool$Serializer.deserialize(LootPool.java:168) ~[LootPool$Serializer.class:?]
	at com.someguyssoftware.gottschcore.loot.LootPool$Serializer.deserialize(LootPool.java:164) ~[LootPool$Serializer.class:?]
	at com.google.gson.internal.bind.TreeTypeAdapter.read(TreeTypeAdapter.java:69) ~[TreeTypeAdapter.class:?]
	at com.google.gson.internal.bind.TypeAdapterRuntimeTypeWrapper.read(TypeAdapterRuntimeTypeWrapper.java:41) ~[TypeAdapterRuntimeTypeWrapper.class:?]
	at com.google.gson.internal.bind.ArrayTypeAdapter.read(ArrayTypeAdapter.java:72) ~[ArrayTypeAdapter.class:?]
	at com.google.gson.Gson.fromJson(Gson.java:887) ~[Gson.class:?]
	at com.google.gson.Gson.fromJson(Gson.java:952) ~[Gson.class:?]
	at com.google.gson.internal.bind.TreeTypeAdapter$GsonContextImpl.deserialize(TreeTypeAdapter.java:162) ~[TreeTypeAdapter$GsonContextImpl.class:?]
	at net.minecraft.util.JsonUtils.func_188179_a(SourceFile:439) ~[rc.class:?]
	at net.minecraft.util.JsonUtils.func_188177_a(SourceFile:455) ~[rc.class:?]
	at com.someguyssoftware.gottschcore.loot.LootTable$Serializer.deserialize(LootTable.java:198) ~[LootTable$Serializer.class:?]
	at com.someguyssoftware.gottschcore.loot.LootTable$Serializer.deserialize(LootTable.java:195) ~[LootTable$Serializer.class:?]
	at com.google.gson.internal.bind.TreeTypeAdapter.read(TreeTypeAdapter.java:69) ~[TreeTypeAdapter.class:?]
	at com.google.gson.Gson.fromJson(Gson.java:887) ~[Gson.class:?]
	at com.google.gson.Gson.fromJson(Gson.java:852) ~[Gson.class:?]
	at com.google.gson.Gson.fromJson(Gson.java:801) ~[Gson.class:?]
	at com.google.gson.Gson.fromJson(Gson.java:773) ~[Gson.class:?]
	at com.someguyssoftware.gottschcore.loot.LootTableManager.loadLootTable(LootTableManager.java:209) ~[LootTableManager.class:?]
	at com.someguyssoftware.gottschcore.loot.LootTableManager$Loader.loadLootTable(LootTableManager.java:154) [LootTableManager$Loader.class:?]
	at com.someguyssoftware.gottschcore.loot.LootTableManager$Loader.load(LootTableManager.java:113) [LootTableManager$Loader.class:?]
	at com.someguyssoftware.gottschcore.loot.LootTableManager$Loader.load(LootTableManager.java:103) [LootTableManager$Loader.class:?]
	at com.google.common.cache.LocalCache$LoadingValueReference.loadFuture(LocalCache.java:3716) [minecraft_server.1.12.2.jar:?]
	at com.google.common.cache.LocalCache$Segment.loadSync(LocalCache.java:2424) [minecraft_server.1.12.2.jar:?]
	at com.google.common.cache.LocalCache$Segment.lockedGetOrLoad(LocalCache.java:2298) [minecraft_server.1.12.2.jar:?]
	at com.google.common.cache.LocalCache$Segment.get(LocalCache.java:2211) [minecraft_server.1.12.2.jar:?]
	at com.google.common.cache.LocalCache.get(LocalCache.java:4154) [minecraft_server.1.12.2.jar:?]
	at com.google.common.cache.LocalCache.getOrLoad(LocalCache.java:4158) [minecraft_server.1.12.2.jar:?]
	at com.google.common.cache.LocalCache$LocalLoadingCache.get(LocalCache.java:5147) [minecraft_server.1.12.2.jar:?]
	at com.google.common.cache.LocalCache$LocalLoadingCache.getUnchecked(LocalCache.java:5153) [minecraft_server.1.12.2.jar:?]
	at com.someguyssoftware.gottschcore.loot.LootTableManager.getLootTableFromLocation(LootTableManager.java:90) [LootTableManager.class:?]
	at com.someguyssoftware.treasure2.loot.TreasureLootTableMaster.register(TreasureLootTableMaster.java:145) [TreasureLootTableMaster.class:?]
	at com.someguyssoftware.treasure2.eventhandler.WorldEventHandler.onWorldLoad(WorldEventHandler.java:58) [WorldEventHandler.class:?]
	at net.minecraftforge.fml.common.eventhandler.ASMEventHandler_667_WorldEventHandler_onWorldLoad_Load.invoke(.dynamic) [?:?]
	at net.minecraftforge.fml.common.eventhandler.ASMEventHandler.invoke(ASMEventHandler.java:90) [ASMEventHandler.class:?]
	at net.minecraftforge.fml.common.eventhandler.EventBus.post(EventBus.java:182) [EventBus.class:?]
	at net.minecraft.server.MinecraftServer.func_71247_a(MinecraftServer.java:309) [MinecraftServer.class:?]
	at net.minecraft.server.dedicated.DedicatedServer.func_71197_b(DedicatedServer.java:270) [nz.class:?]
	at net.minecraft.server.MinecraftServer.run(MinecraftServer.java:486) [MinecraftServer.class:?]
	at java.lang.Thread.run(Thread.java:750) [?:1.8.0_432]
2024-12-05 21:00:06,920 [Server thread] INFO Treasure2 | SurfaceChestWorldGenerator.java:364 | CHEATER! COMMON chest at coords: -120 80 72
2024-12-05 21:00:07,629 [Server thread] INFO Treasure2 | SurfaceChestWorldGenerator.java:364 | CHEATER! UNCOMMON chest at coords: -104 68 280
2024-12-05 21:00:09,193 [Server thread] INFO Treasure2 | SurfaceChestWorldGenerator.java:364 | CHEATER! UNCOMMON chest at coords: -56 73 424
2024-12-05 21:00:10,784 [Server thread] INFO Treasure2 | SurfaceChestWorldGenerator.java:364 | CHEATER! UNCOMMON chest at coords: 8 74 104
2024-12-05 21:00:11,543 [Server thread] INFO Treasure2 | SurfaceChestWorldGenerator.java:364 | CHEATER! SCARCE chest at coords: 24 64 296
2024-12-05 21:00:12,361 [Server thread] INFO Treasure2 | SurfaceChestWorldGenerator.java:364 | CHEATER! UNCOMMON chest at coords: 56 97 184
2024-12-05 21:00:12,578 [Server thread] INFO Treasure2 | WellGenerator.java:114 | CHEATER! Wishing Well at coords: 56 66 326
2024-12-05 21:00:13,049 [Server thread] INFO Treasure2 | SurfaceChestWorldGenerator.java:364 | CHEATER! COMMON chest at coords: 72 68 392
2024-12-05 21:00:13,787 [Server thread] INFO Treasure2 | SurfaceChestWorldGenerator.java:364 | CHEATER! COMMON chest at coords: 104 69 296
2024-12-05 21:00:14,534 [Server thread] WARN GottschCore | LootTable.java:71 | Tried to over-fill a container
2024-12-05 21:00:14,534 [Server thread] INFO Treasure2 | SurfaceChestWorldGenerator.java:364 | CHEATER! SCARCE chest at coords: 136 85 136
2024-12-05 21:00:15,371 [Server thread] INFO Treasure2 | SurfaceChestWorldGenerator.java:364 | CHEATER! COMMON chest at coords: 152 69 360
2024-12-05 21:01:19,737 [Server thread] INFO Treasure2 | SurfaceChestWorldGenerator.java:364 | CHEATER! RARE chest at coords: -216 69 360
2024-12-05 21:04:24,704 [Server thread] INFO Treasure2 | SurfaceChestWorldGenerator.java:364 | CHEATER! COMMON chest at coords: 120 78 456
2024-12-05 21:04:37,820 [Server thread] INFO Treasure2 | SurfaceChestWorldGenerator.java:364 | CHEATER! UNCOMMON chest at coords: -24 68 504
2024-12-05 21:08:02,565 [Server thread] INFO Treasure2 | WellGenerator.java:114 | CHEATER! Wishing Well at coords: -298 63 248
2024-12-05 21:08:02,585 [Server thread] INFO Treasure2 | SurfaceChestWorldGenerator.java:364 | CHEATER! COMMON chest at coords: -296 64 264
2024-12-05 21:08:07,041 [Server thread] INFO Treasure2 | SurfaceChestWorldGenerator.java:364 | CHEATER! UNCOMMON chest at coords: -312 93 488
2024-12-05 21:08:25,936 [Server thread] INFO Treasure2 | SurfaceChestWorldGenerator.java:364 | CHEATER! COMMON chest at coords: -216 96 520
2024-12-05 21:08:33,054 [Server thread] INFO Treasure2 | SurfaceChestWorldGenerator.java:364 | CHEATER! COMMON chest at coords: -168 88 584
2024-12-05 21:23:58,636 [Server thread] ERROR GottschCore | AbstractResourceManager.java:173 | Unable to locate resource /structures/treasure2/float/
2024-12-05 21:24:00,734 [Server thread] INFO GottschCore | VersionChecker.java:110 | [gottschcore] Starting version check at https://raw.githubusercontent.com/gottsch/gottsch-minecraft-GottschCore/master/GottschCore1.12.2/update.json
2024-12-05 21:24:00,822 [Server thread] WARN GottschCore | VersionChecker.java:119 | Unexpected expection in data stream: 
java.io.FileNotFoundException: https://raw.githubusercontent.com/gottsch/gottsch-minecraft-GottschCore/master/GottschCore1.12.2/update.json
	at sun.net.www.protocol.http.HttpURLConnection.getInputStream0(HttpURLConnection.java:1913) ~[?:1.8.0_432]
	at sun.net.www.protocol.http.HttpURLConnection.access$200(HttpURLConnection.java:92) ~[?:1.8.0_432]
	at sun.net.www.protocol.http.HttpURLConnection$9.run(HttpURLConnection.java:1507) ~[?:1.8.0_432]
	at sun.net.www.protocol.http.HttpURLConnection$9.run(HttpURLConnection.java:1505) ~[?:1.8.0_432]
	at java.security.AccessController.doPrivileged(Native Method) ~[?:1.8.0_432]
	at java.security.AccessController.doPrivilegedWithCombiner(AccessController.java:784) ~[?:1.8.0_432]
	at sun.net.www.protocol.http.HttpURLConnection.getInputStream(HttpURLConnection.java:1504) ~[?:1.8.0_432]
	at sun.net.www.protocol.https.HttpsURLConnectionImpl.getInputStream(HttpsURLConnectionImpl.java:268) ~[?:1.8.0_432]
	at java.net.URL.openStream(URL.java:1093) ~[?:1.8.0_432]
	at com.someguyssoftware.gottschcore.version.VersionChecker.getVersionUsingForge(VersionChecker.java:114) [VersionChecker.class:?]
	at com.someguyssoftware.gottschcore.mod.AbstractMod.postInit(AbstractMod.java:65) [AbstractMod.class:?]
	at com.someguyssoftware.gottschcore.GottschCore.postInit(GottschCore.java:93) [GottschCore.class:?]
	at sun.reflect.NativeMethodAccessorImpl.invoke0(Native Method) ~[?:1.8.0_432]
	at sun.reflect.NativeMethodAccessorImpl.invoke(NativeMethodAccessorImpl.java:62) ~[?:1.8.0_432]
	at sun.reflect.DelegatingMethodAccessorImpl.invoke(DelegatingMethodAccessorImpl.java:43) ~[?:1.8.0_432]
	at java.lang.reflect.Method.invoke(Method.java:498) ~[?:1.8.0_432]
	at net.minecraftforge.fml.common.FMLModContainer.handleModStateEvent(FMLModContainer.java:637) [FMLModContainer.class:?]
	at sun.reflect.GeneratedMethodAccessor9.invoke(Unknown Source) ~[?:?]
	at sun.reflect.DelegatingMethodAccessorImpl.invoke(DelegatingMethodAccessorImpl.java:43) ~[?:1.8.0_432]
	at java.lang.reflect.Method.invoke(Method.java:498) ~[?:1.8.0_432]
	at com.google.common.eventbus.Subscriber.invokeSubscriberMethod(Subscriber.java:91) [minecraft_server.1.12.2.jar:?]
	at com.google.common.eventbus.Subscriber$SynchronizedSubscriber.invokeSubscriberMethod(Subscriber.java:150) [minecraft_server.1.12.2.jar:?]
	at com.google.common.eventbus.Subscriber$1.run(Subscriber.java:76) [minecraft_server.1.12.2.jar:?]
	at com.google.common.util.concurrent.MoreExecutors$DirectExecutor.execute(MoreExecutors.java:399) [minecraft_server.1.12.2.jar:?]
	at com.google.common.eventbus.Subscriber.dispatchEvent(Subscriber.java:71) [minecraft_server.1.12.2.jar:?]
	at com.google.common.eventbus.Dispatcher$PerThreadQueuedDispatcher.dispatch(Dispatcher.java:116) [minecraft_server.1.12.2.jar:?]
	at com.google.common.eventbus.EventBus.post(EventBus.java:217) [minecraft_server.1.12.2.jar:?]
	at net.minecraftforge.fml.common.LoadController.sendEventToModContainer(LoadController.java:219) [LoadController.class:?]
	at net.minecraftforge.fml.common.LoadController.propogateStateMessage(LoadController.java:197) [LoadController.class:?]
	at sun.reflect.NativeMethodAccessorImpl.invoke0(Native Method) ~[?:1.8.0_432]
	at sun.reflect.NativeMethodAccessorImpl.invoke(NativeMethodAccessorImpl.java:62) ~[?:1.8.0_432]
	at sun.reflect.DelegatingMethodAccessorImpl.invoke(DelegatingMethodAccessorImpl.java:43) ~[?:1.8.0_432]
	at java.lang.reflect.Method.invoke(Method.java:498) ~[?:1.8.0_432]
	at com.google.common.eventbus.Subscriber.invokeSubscriberMethod(Subscriber.java:91) [minecraft_server.1.12.2.jar:?]
	at com.google.common.eventbus.Subscriber$SynchronizedSubscriber.invokeSubscriberMethod(Subscriber.java:150) [minecraft_server.1.12.2.jar:?]
	at com.google.common.eventbus.Subscriber$1.run(Subscriber.java:76) [minecraft_server.1.12.2.jar:?]
	at com.google.common.util.concurrent.MoreExecutors$DirectExecutor.execute(MoreExecutors.java:399) [minecraft_server.1.12.2.jar:?]
	at com.google.common.eventbus.Subscriber.dispatchEvent(Subscriber.java:71) [minecraft_server.1.12.2.jar:?]
	at com.google.common.eventbus.Dispatcher$PerThreadQueuedDispatcher.dispatch(Dispatcher.java:116) [minecraft_server.1.12.2.jar:?]
	at com.google.common.eventbus.EventBus.post(EventBus.java:217) [minecraft_server.1.12.2.jar:?]
	at net.minecraftforge.fml.common.LoadController.distributeStateMessage(LoadController.java:136) [LoadController.class:?]
	at net.minecraftforge.fml.common.Loader.initializeMods(Loader.java:754) [Loader.class:?]
	at net.minecraftforge.fml.server.FMLServerHandler.finishServerLoading(FMLServerHandler.java:108) [FMLServerHandler.class:?]
	at net.minecraftforge.fml.common.FMLCommonHandler.onServerStarted(FMLCommonHandler.java:338) [FMLCommonHandler.class:?]
	at net.minecraft.server.dedicated.DedicatedServer.func_71197_b(DedicatedServer.java:219) [nz.class:?]
	at net.minecraft.server.MinecraftServer.run(MinecraftServer.java:486) [MinecraftServer.class:?]
	at java.lang.Thread.run(Thread.java:750) [?:1.8.0_432]
2024-12-05 21:24:00,823 [Server thread] WARN GottschCore | VersionChecker.java:55 | Bad URL: null
2024-12-05 21:24:02,198 [Server thread] INFO GottschCore | VersionChecker.java:110 | [treasure2] Starting version check at https://raw.githubusercontent.com/gottsch/gottsch-minecraft-Treasure/master/Treasure2-1.12.2/update.json
2024-12-05 21:24:02,307 [Server thread] WARN GottschCore | VersionChecker.java:119 | Unexpected expection in data stream: 
java.io.FileNotFoundException: https://raw.githubusercontent.com/gottsch/gottsch-minecraft-Treasure/master/Treasure2-1.12.2/update.json
	at sun.net.www.protocol.http.HttpURLConnection.getInputStream0(HttpURLConnection.java:1913) ~[?:1.8.0_432]
	at sun.net.www.protocol.http.HttpURLConnection.access$200(HttpURLConnection.java:92) ~[?:1.8.0_432]
	at sun.net.www.protocol.http.HttpURLConnection$9.run(HttpURLConnection.java:1507) ~[?:1.8.0_432]
	at sun.net.www.protocol.http.HttpURLConnection$9.run(HttpURLConnection.java:1505) ~[?:1.8.0_432]
	at java.security.AccessController.doPrivileged(Native Method) ~[?:1.8.0_432]
	at java.security.AccessController.doPrivilegedWithCombiner(AccessController.java:784) ~[?:1.8.0_432]
	at sun.net.www.protocol.http.HttpURLConnection.getInputStream(HttpURLConnection.java:1504) ~[?:1.8.0_432]
	at sun.net.www.protocol.https.HttpsURLConnectionImpl.getInputStream(HttpsURLConnectionImpl.java:268) ~[?:1.8.0_432]
	at java.net.URL.openStream(URL.java:1093) ~[?:1.8.0_432]
	at com.someguyssoftware.gottschcore.version.VersionChecker.getVersionUsingForge(VersionChecker.java:114) [VersionChecker.class:?]
	at com.someguyssoftware.gottschcore.mod.AbstractMod.postInit(AbstractMod.java:65) [AbstractMod.class:?]
	at com.someguyssoftware.treasure2.Treasure.postInit(Treasure.java:232) [Treasure.class:?]
	at sun.reflect.NativeMethodAccessorImpl.invoke0(Native Method) ~[?:1.8.0_432]
	at sun.reflect.NativeMethodAccessorImpl.invoke(NativeMethodAccessorImpl.java:62) ~[?:1.8.0_432]
	at sun.reflect.DelegatingMethodAccessorImpl.invoke(DelegatingMethodAccessorImpl.java:43) ~[?:1.8.0_432]
	at java.lang.reflect.Method.invoke(Method.java:498) ~[?:1.8.0_432]
	at net.minecraftforge.fml.common.FMLModContainer.handleModStateEvent(FMLModContainer.java:637) [FMLModContainer.class:?]
	at sun.reflect.GeneratedMethodAccessor9.invoke(Unknown Source) ~[?:?]
	at sun.reflect.DelegatingMethodAccessorImpl.invoke(DelegatingMethodAccessorImpl.java:43) ~[?:1.8.0_432]
	at java.lang.reflect.Method.invoke(Method.java:498) ~[?:1.8.0_432]
	at com.google.common.eventbus.Subscriber.invokeSubscriberMethod(Subscriber.java:91) [minecraft_server.1.12.2.jar:?]
	at com.google.common.eventbus.Subscriber$SynchronizedSubscriber.invokeSubscriberMethod(Subscriber.java:150) [minecraft_server.1.12.2.jar:?]
	at com.google.common.eventbus.Subscriber$1.run(Subscriber.java:76) [minecraft_server.1.12.2.jar:?]
	at com.google.common.util.concurrent.MoreExecutors$DirectExecutor.execute(MoreExecutors.java:399) [minecraft_server.1.12.2.jar:?]
	at com.google.common.eventbus.Subscriber.dispatchEvent(Subscriber.java:71) [minecraft_server.1.12.2.jar:?]
	at com.google.common.eventbus.Dispatcher$PerThreadQueuedDispatcher.dispatch(Dispatcher.java:116) [minecraft_server.1.12.2.jar:?]
	at com.google.common.eventbus.EventBus.post(EventBus.java:217) [minecraft_server.1.12.2.jar:?]
	at net.minecraftforge.fml.common.LoadController.sendEventToModContainer(LoadController.java:219) [LoadController.class:?]
	at net.minecraftforge.fml.common.LoadController.propogateStateMessage(LoadController.java:197) [LoadController.class:?]
	at sun.reflect.NativeMethodAccessorImpl.invoke0(Native Method) ~[?:1.8.0_432]
	at sun.reflect.NativeMethodAccessorImpl.invoke(NativeMethodAccessorImpl.java:62) ~[?:1.8.0_432]
	at sun.reflect.DelegatingMethodAccessorImpl.invoke(DelegatingMethodAccessorImpl.java:43) ~[?:1.8.0_432]
	at java.lang.reflect.Method.invoke(Method.java:498) ~[?:1.8.0_432]
	at com.google.common.eventbus.Subscriber.invokeSubscriberMethod(Subscriber.java:91) [minecraft_server.1.12.2.jar:?]
	at com.google.common.eventbus.Subscriber$SynchronizedSubscriber.invokeSubscriberMethod(Subscriber.java:150) [minecraft_server.1.12.2.jar:?]
	at com.google.common.eventbus.Subscriber$1.run(Subscriber.java:76) [minecraft_server.1.12.2.jar:?]
	at com.google.common.util.concurrent.MoreExecutors$DirectExecutor.execute(MoreExecutors.java:399) [minecraft_server.1.12.2.jar:?]
	at com.google.common.eventbus.Subscriber.dispatchEvent(Subscriber.java:71) [minecraft_server.1.12.2.jar:?]
	at com.google.common.eventbus.Dispatcher$PerThreadQueuedDispatcher.dispatch(Dispatcher.java:116) [minecraft_server.1.12.2.jar:?]
	at com.google.common.eventbus.EventBus.post(EventBus.java:217) [minecraft_server.1.12.2.jar:?]
	at net.minecraftforge.fml.common.LoadController.distributeStateMessage(LoadController.java:136) [LoadController.class:?]
	at net.minecraftforge.fml.common.Loader.initializeMods(Loader.java:754) [Loader.class:?]
	at net.minecraftforge.fml.server.FMLServerHandler.finishServerLoading(FMLServerHandler.java:108) [FMLServerHandler.class:?]
	at net.minecraftforge.fml.common.FMLCommonHandler.onServerStarted(FMLCommonHandler.java:338) [FMLCommonHandler.class:?]
	at net.minecraft.server.dedicated.DedicatedServer.func_71197_b(DedicatedServer.java:219) [nz.class:?]
	at net.minecraft.server.MinecraftServer.run(MinecraftServer.java:486) [MinecraftServer.class:?]
	at java.lang.Thread.run(Thread.java:750) [?:1.8.0_432]
2024-12-05 21:24:02,308 [Server thread] WARN GottschCore | VersionChecker.java:55 | Bad URL: 
2024-12-05 21:24:06,049 [Server thread] ERROR GottschCore | LootTableManager.java:157 | Couldn't load loot table treasure2:loot_tables/treasure2/chests/special/clam_chest from /workspaces/Mc/servidor_minecraft/config/treasure2/loot_tables/treasure2/chests/special/clam_chest.json
com.google.gson.JsonSyntaxException: Expected name to be an item, was unknown string 'treasure2:clam_meat'
	at net.minecraft.util.JsonUtils.func_188172_b(SourceFile:124) ~[rc.class:?]
	at net.minecraft.util.JsonUtils.func_188180_i(SourceFile:135) ~[rc.class:?]
	at com.someguyssoftware.gottschcore.loot.LootEntryItem.deserialize(LootEntryItem.java:100) ~[LootEntryItem.class:?]
	at com.someguyssoftware.gottschcore.loot.LootEntry$Serializer.deserialize(LootEntry.java:92) ~[LootEntry$Serializer.class:?]
	at com.someguyssoftware.gottschcore.loot.LootEntry$Serializer.deserialize(LootEntry.java:72) ~[LootEntry$Serializer.class:?]
	at com.google.gson.internal.bind.TreeTypeAdapter.read(TreeTypeAdapter.java:69) ~[TreeTypeAdapter.class:?]
	at com.google.gson.internal.bind.TypeAdapterRuntimeTypeWrapper.read(TypeAdapterRuntimeTypeWrapper.java:41) ~[TypeAdapterRuntimeTypeWrapper.class:?]
	at com.google.gson.internal.bind.ArrayTypeAdapter.read(ArrayTypeAdapter.java:72) ~[ArrayTypeAdapter.class:?]
	at com.google.gson.Gson.fromJson(Gson.java:887) ~[Gson.class:?]
	at com.google.gson.Gson.fromJson(Gson.java:952) ~[Gson.class:?]
	at com.google.gson.internal.bind.TreeTypeAdapter$GsonContextImpl.deserialize(TreeTypeAdapter.java:162) ~[TreeTypeAdapter$GsonContextImpl.class:?]
	at net.minecraft.util.JsonUtils.func_188179_a(SourceFile:439) ~[rc.class:?]
	at net.minecraft.util.JsonUtils.func_188174_a(SourceFile:447) ~[rc.class:?]
	at com.someguyssoftware.gottschcore.loot.LootPool$Serializer.deserialize(LootPool.java:168) ~[LootPool$Serializer.class:?]
	at com.someguyssoftware.gottschcore.loot.LootPool$Serializer.deserialize(LootPool.java:164) ~[LootPool$Serializer.class:?]
	at com.google.gson.internal.bind.TreeTypeAdapter.read(TreeTypeAdapter.java:69) ~[TreeTypeAdapter.class:?]
	at com.google.gson.internal.bind.TypeAdapterRuntimeTypeWrapper.read(TypeAdapterRuntimeTypeWrapper.java:41) ~[TypeAdapterRuntimeTypeWrapper.class:?]
	at com.google.gson.internal.bind.ArrayTypeAdapter.read(ArrayTypeAdapter.java:72) ~[ArrayTypeAdapter.class:?]
	at com.google.gson.Gson.fromJson(Gson.java:887) ~[Gson.class:?]
	at com.google.gson.Gson.fromJson(Gson.java:952) ~[Gson.class:?]
	at com.google.gson.internal.bind.TreeTypeAdapter$GsonContextImpl.deserialize(TreeTypeAdapter.java:162) ~[TreeTypeAdapter$GsonContextImpl.class:?]
	at net.minecraft.util.JsonUtils.func_188179_a(SourceFile:439) ~[rc.class:?]
	at net.minecraft.util.JsonUtils.func_188177_a(SourceFile:455) ~[rc.class:?]
	at com.someguyssoftware.gottschcore.loot.LootTable$Serializer.deserialize(LootTable.java:198) ~[LootTable$Serializer.class:?]
	at com.someguyssoftware.gottschcore.loot.LootTable$Serializer.deserialize(LootTable.java:195) ~[LootTable$Serializer.class:?]
	at com.google.gson.internal.bind.TreeTypeAdapter.read(TreeTypeAdapter.java:69) ~[TreeTypeAdapter.class:?]
	at com.google.gson.Gson.fromJson(Gson.java:887) ~[Gson.class:?]
	at com.google.gson.Gson.fromJson(Gson.java:852) ~[Gson.class:?]
	at com.google.gson.Gson.fromJson(Gson.java:801) ~[Gson.class:?]
	at com.google.gson.Gson.fromJson(Gson.java:773) ~[Gson.class:?]
	at com.someguyssoftware.gottschcore.loot.LootTableManager.loadLootTable(LootTableManager.java:209) ~[LootTableManager.class:?]
	at com.someguyssoftware.gottschcore.loot.LootTableManager$Loader.loadLootTable(LootTableManager.java:154) [LootTableManager$Loader.class:?]
	at com.someguyssoftware.gottschcore.loot.LootTableManager$Loader.load(LootTableManager.java:113) [LootTableManager$Loader.class:?]
	at com.someguyssoftware.gottschcore.loot.LootTableManager$Loader.load(LootTableManager.java:103) [LootTableManager$Loader.class:?]
	at com.google.common.cache.LocalCache$LoadingValueReference.loadFuture(LocalCache.java:3716) [minecraft_server.1.12.2.jar:?]
	at com.google.common.cache.LocalCache$Segment.loadSync(LocalCache.java:2424) [minecraft_server.1.12.2.jar:?]
	at com.google.common.cache.LocalCache$Segment.lockedGetOrLoad(LocalCache.java:2298) [minecraft_server.1.12.2.jar:?]
	at com.google.common.cache.LocalCache$Segment.get(LocalCache.java:2211) [minecraft_server.1.12.2.jar:?]
	at com.google.common.cache.LocalCache.get(LocalCache.java:4154) [minecraft_server.1.12.2.jar:?]
	at com.google.common.cache.LocalCache.getOrLoad(LocalCache.java:4158) [minecraft_server.1.12.2.jar:?]
	at com.google.common.cache.LocalCache$LocalLoadingCache.get(LocalCache.java:5147) [minecraft_server.1.12.2.jar:?]
	at com.google.common.cache.LocalCache$LocalLoadingCache.getUnchecked(LocalCache.java:5153) [minecraft_server.1.12.2.jar:?]
	at com.someguyssoftware.gottschcore.loot.LootTableManager.getLootTableFromLocation(LootTableManager.java:90) [LootTableManager.class:?]
	at com.someguyssoftware.treasure2.loot.TreasureLootTableMaster.register(TreasureLootTableMaster.java:145) [TreasureLootTableMaster.class:?]
	at com.someguyssoftware.treasure2.eventhandler.WorldEventHandler.onWorldLoad(WorldEventHandler.java:58) [WorldEventHandler.class:?]
	at net.minecraftforge.fml.common.eventhandler.ASMEventHandler_667_WorldEventHandler_onWorldLoad_Load.invoke(.dynamic) [?:?]
	at net.minecraftforge.fml.common.eventhandler.ASMEventHandler.invoke(ASMEventHandler.java:90) [ASMEventHandler.class:?]
	at net.minecraftforge.fml.common.eventhandler.EventBus.post(EventBus.java:182) [EventBus.class:?]
	at net.minecraft.server.MinecraftServer.func_71247_a(MinecraftServer.java:309) [MinecraftServer.class:?]
	at net.minecraft.server.dedicated.DedicatedServer.func_71197_b(DedicatedServer.java:270) [nz.class:?]
	at net.minecraft.server.MinecraftServer.run(MinecraftServer.java:486) [MinecraftServer.class:?]
	at java.lang.Thread.run(Thread.java:750) [?:1.8.0_432]
2024-12-05 21:24:06,051 [Server thread] ERROR GottschCore | LootTableManager.java:157 | Couldn't load loot table treasure2:loot_tables/treasure2/chests/special/oyster_chest from /workspaces/Mc/servidor_minecraft/config/treasure2/loot_tables/treasure2/chests/special/oyster_chest.json
com.google.gson.JsonSyntaxException: Expected name to be an item, was unknown string 'treasure2:oyster_meat'
	at net.minecraft.util.JsonUtils.func_188172_b(SourceFile:124) ~[rc.class:?]
	at net.minecraft.util.JsonUtils.func_188180_i(SourceFile:135) ~[rc.class:?]
	at com.someguyssoftware.gottschcore.loot.LootEntryItem.deserialize(LootEntryItem.java:100) ~[LootEntryItem.class:?]
	at com.someguyssoftware.gottschcore.loot.LootEntry$Serializer.deserialize(LootEntry.java:92) ~[LootEntry$Serializer.class:?]
	at com.someguyssoftware.gottschcore.loot.LootEntry$Serializer.deserialize(LootEntry.java:72) ~[LootEntry$Serializer.class:?]
	at com.google.gson.internal.bind.TreeTypeAdapter.read(TreeTypeAdapter.java:69) ~[TreeTypeAdapter.class:?]
	at com.google.gson.internal.bind.TypeAdapterRuntimeTypeWrapper.read(TypeAdapterRuntimeTypeWrapper.java:41) ~[TypeAdapterRuntimeTypeWrapper.class:?]
	at com.google.gson.internal.bind.ArrayTypeAdapter.read(ArrayTypeAdapter.java:72) ~[ArrayTypeAdapter.class:?]
	at com.google.gson.Gson.fromJson(Gson.java:887) ~[Gson.class:?]
	at com.google.gson.Gson.fromJson(Gson.java:952) ~[Gson.class:?]
	at com.google.gson.internal.bind.TreeTypeAdapter$GsonContextImpl.deserialize(TreeTypeAdapter.java:162) ~[TreeTypeAdapter$GsonContextImpl.class:?]
	at net.minecraft.util.JsonUtils.func_188179_a(SourceFile:439) ~[rc.class:?]
	at net.minecraft.util.JsonUtils.func_188174_a(SourceFile:447) ~[rc.class:?]
	at com.someguyssoftware.gottschcore.loot.LootPool$Serializer.deserialize(LootPool.java:168) ~[LootPool$Serializer.class:?]
	at com.someguyssoftware.gottschcore.loot.LootPool$Serializer.deserialize(LootPool.java:164) ~[LootPool$Serializer.class:?]
	at com.google.gson.internal.bind.TreeTypeAdapter.read(TreeTypeAdapter.java:69) ~[TreeTypeAdapter.class:?]
	at com.google.gson.internal.bind.TypeAdapterRuntimeTypeWrapper.read(TypeAdapterRuntimeTypeWrapper.java:41) ~[TypeAdapterRuntimeTypeWrapper.class:?]
	at com.google.gson.internal.bind.ArrayTypeAdapter.read(ArrayTypeAdapter.java:72) ~[ArrayTypeAdapter.class:?]
	at com.google.gson.Gson.fromJson(Gson.java:887) ~[Gson.class:?]
	at com.google.gson.Gson.fromJson(Gson.java:952) ~[Gson.class:?]
	at com.google.gson.internal.bind.TreeTypeAdapter$GsonContextImpl.deserialize(TreeTypeAdapter.java:162) ~[TreeTypeAdapter$GsonContextImpl.class:?]
	at net.minecraft.util.JsonUtils.func_188179_a(SourceFile:439) ~[rc.class:?]
	at net.minecraft.util.JsonUtils.func_188177_a(SourceFile:455) ~[rc.class:?]
	at com.someguyssoftware.gottschcore.loot.LootTable$Serializer.deserialize(LootTable.java:198) ~[LootTable$Serializer.class:?]
	at com.someguyssoftware.gottschcore.loot.LootTable$Serializer.deserialize(LootTable.java:195) ~[LootTable$Serializer.class:?]
	at com.google.gson.internal.bind.TreeTypeAdapter.read(TreeTypeAdapter.java:69) ~[TreeTypeAdapter.class:?]
	at com.google.gson.Gson.fromJson(Gson.java:887) ~[Gson.class:?]
	at com.google.gson.Gson.fromJson(Gson.java:852) ~[Gson.class:?]
	at com.google.gson.Gson.fromJson(Gson.java:801) ~[Gson.class:?]
	at com.google.gson.Gson.fromJson(Gson.java:773) ~[Gson.class:?]
	at com.someguyssoftware.gottschcore.loot.LootTableManager.loadLootTable(LootTableManager.java:209) ~[LootTableManager.class:?]
	at com.someguyssoftware.gottschcore.loot.LootTableManager$Loader.loadLootTable(LootTableManager.java:154) [LootTableManager$Loader.class:?]
	at com.someguyssoftware.gottschcore.loot.LootTableManager$Loader.load(LootTableManager.java:113) [LootTableManager$Loader.class:?]
	at com.someguyssoftware.gottschcore.loot.LootTableManager$Loader.load(LootTableManager.java:103) [LootTableManager$Loader.class:?]
	at com.google.common.cache.LocalCache$LoadingValueReference.loadFuture(LocalCache.java:3716) [minecraft_server.1.12.2.jar:?]
	at com.google.common.cache.LocalCache$Segment.loadSync(LocalCache.java:2424) [minecraft_server.1.12.2.jar:?]
	at com.google.common.cache.LocalCache$Segment.lockedGetOrLoad(LocalCache.java:2298) [minecraft_server.1.12.2.jar:?]
	at com.google.common.cache.LocalCache$Segment.get(LocalCache.java:2211) [minecraft_server.1.12.2.jar:?]
	at com.google.common.cache.LocalCache.get(LocalCache.java:4154) [minecraft_server.1.12.2.jar:?]
	at com.google.common.cache.LocalCache.getOrLoad(LocalCache.java:4158) [minecraft_server.1.12.2.jar:?]
	at com.google.common.cache.LocalCache$LocalLoadingCache.get(LocalCache.java:5147) [minecraft_server.1.12.2.jar:?]
	at com.google.common.cache.LocalCache$LocalLoadingCache.getUnchecked(LocalCache.java:5153) [minecraft_server.1.12.2.jar:?]
	at com.someguyssoftware.gottschcore.loot.LootTableManager.getLootTableFromLocation(LootTableManager.java:90) [LootTableManager.class:?]
	at com.someguyssoftware.treasure2.loot.TreasureLootTableMaster.register(TreasureLootTableMaster.java:145) [TreasureLootTableMaster.class:?]
	at com.someguyssoftware.treasure2.eventhandler.WorldEventHandler.onWorldLoad(WorldEventHandler.java:58) [WorldEventHandler.class:?]
	at net.minecraftforge.fml.common.eventhandler.ASMEventHandler_667_WorldEventHandler_onWorldLoad_Load.invoke(.dynamic) [?:?]
	at net.minecraftforge.fml.common.eventhandler.ASMEventHandler.invoke(ASMEventHandler.java:90) [ASMEventHandler.class:?]
	at net.minecraftforge.fml.common.eventhandler.EventBus.post(EventBus.java:182) [EventBus.class:?]
	at net.minecraft.server.MinecraftServer.func_71247_a(MinecraftServer.java:309) [MinecraftServer.class:?]
	at net.minecraft.server.dedicated.DedicatedServer.func_71197_b(DedicatedServer.java:270) [nz.class:?]
	at net.minecraft.server.MinecraftServer.run(MinecraftServer.java:486) [MinecraftServer.class:?]
	at java.lang.Thread.run(Thread.java:750) [?:1.8.0_432]
2024-12-05 21:30:49,470 [Server thread] ERROR GottschCore | AbstractResourceManager.java:173 | Unable to locate resource /structures/treasure2/float/
2024-12-05 21:30:51,390 [Server thread] INFO GottschCore | VersionChecker.java:110 | [gottschcore] Starting version check at https://raw.githubusercontent.com/gottsch/gottsch-minecraft-GottschCore/master/GottschCore1.12.2/update.json
2024-12-05 21:30:51,489 [Server thread] WARN GottschCore | VersionChecker.java:119 | Unexpected expection in data stream: 
java.io.FileNotFoundException: https://raw.githubusercontent.com/gottsch/gottsch-minecraft-GottschCore/master/GottschCore1.12.2/update.json
	at sun.net.www.protocol.http.HttpURLConnection.getInputStream0(HttpURLConnection.java:1913) ~[?:1.8.0_432]
	at sun.net.www.protocol.http.HttpURLConnection.access$200(HttpURLConnection.java:92) ~[?:1.8.0_432]
	at sun.net.www.protocol.http.HttpURLConnection$9.run(HttpURLConnection.java:1507) ~[?:1.8.0_432]
	at sun.net.www.protocol.http.HttpURLConnection$9.run(HttpURLConnection.java:1505) ~[?:1.8.0_432]
	at java.security.AccessController.doPrivileged(Native Method) ~[?:1.8.0_432]
	at java.security.AccessController.doPrivilegedWithCombiner(AccessController.java:784) ~[?:1.8.0_432]
	at sun.net.www.protocol.http.HttpURLConnection.getInputStream(HttpURLConnection.java:1504) ~[?:1.8.0_432]
	at sun.net.www.protocol.https.HttpsURLConnectionImpl.getInputStream(HttpsURLConnectionImpl.java:268) ~[?:1.8.0_432]
	at java.net.URL.openStream(URL.java:1093) ~[?:1.8.0_432]
	at com.someguyssoftware.gottschcore.version.VersionChecker.getVersionUsingForge(VersionChecker.java:114) [VersionChecker.class:?]
	at com.someguyssoftware.gottschcore.mod.AbstractMod.postInit(AbstractMod.java:65) [AbstractMod.class:?]
	at com.someguyssoftware.gottschcore.GottschCore.postInit(GottschCore.java:93) [GottschCore.class:?]
	at sun.reflect.NativeMethodAccessorImpl.invoke0(Native Method) ~[?:1.8.0_432]
	at sun.reflect.NativeMethodAccessorImpl.invoke(NativeMethodAccessorImpl.java:62) ~[?:1.8.0_432]
	at sun.reflect.DelegatingMethodAccessorImpl.invoke(DelegatingMethodAccessorImpl.java:43) ~[?:1.8.0_432]
	at java.lang.reflect.Method.invoke(Method.java:498) ~[?:1.8.0_432]
	at net.minecraftforge.fml.common.FMLModContainer.handleModStateEvent(FMLModContainer.java:637) [FMLModContainer.class:?]
	at sun.reflect.GeneratedMethodAccessor9.invoke(Unknown Source) ~[?:?]
	at sun.reflect.DelegatingMethodAccessorImpl.invoke(DelegatingMethodAccessorImpl.java:43) ~[?:1.8.0_432]
	at java.lang.reflect.Method.invoke(Method.java:498) ~[?:1.8.0_432]
	at com.google.common.eventbus.Subscriber.invokeSubscriberMethod(Subscriber.java:91) [minecraft_server.1.12.2.jar:?]
	at com.google.common.eventbus.Subscriber$SynchronizedSubscriber.invokeSubscriberMethod(Subscriber.java:150) [minecraft_server.1.12.2.jar:?]
	at com.google.common.eventbus.Subscriber$1.run(Subscriber.java:76) [minecraft_server.1.12.2.jar:?]
	at com.google.common.util.concurrent.MoreExecutors$DirectExecutor.execute(MoreExecutors.java:399) [minecraft_server.1.12.2.jar:?]
	at com.google.common.eventbus.Subscriber.dispatchEvent(Subscriber.java:71) [minecraft_server.1.12.2.jar:?]
	at com.google.common.eventbus.Dispatcher$PerThreadQueuedDispatcher.dispatch(Dispatcher.java:116) [minecraft_server.1.12.2.jar:?]
	at com.google.common.eventbus.EventBus.post(EventBus.java:217) [minecraft_server.1.12.2.jar:?]
	at net.minecraftforge.fml.common.LoadController.sendEventToModContainer(LoadController.java:219) [LoadController.class:?]
	at net.minecraftforge.fml.common.LoadController.propogateStateMessage(LoadController.java:197) [LoadController.class:?]
	at sun.reflect.NativeMethodAccessorImpl.invoke0(Native Method) ~[?:1.8.0_432]
	at sun.reflect.NativeMethodAccessorImpl.invoke(NativeMethodAccessorImpl.java:62) ~[?:1.8.0_432]
	at sun.reflect.DelegatingMethodAccessorImpl.invoke(DelegatingMethodAccessorImpl.java:43) ~[?:1.8.0_432]
	at java.lang.reflect.Method.invoke(Method.java:498) ~[?:1.8.0_432]
	at com.google.common.eventbus.Subscriber.invokeSubscriberMethod(Subscriber.java:91) [minecraft_server.1.12.2.jar:?]
	at com.google.common.eventbus.Subscriber$SynchronizedSubscriber.invokeSubscriberMethod(Subscriber.java:150) [minecraft_server.1.12.2.jar:?]
	at com.google.common.eventbus.Subscriber$1.run(Subscriber.java:76) [minecraft_server.1.12.2.jar:?]
	at com.google.common.util.concurrent.MoreExecutors$DirectExecutor.execute(MoreExecutors.java:399) [minecraft_server.1.12.2.jar:?]
	at com.google.common.eventbus.Subscriber.dispatchEvent(Subscriber.java:71) [minecraft_server.1.12.2.jar:?]
	at com.google.common.eventbus.Dispatcher$PerThreadQueuedDispatcher.dispatch(Dispatcher.java:116) [minecraft_server.1.12.2.jar:?]
	at com.google.common.eventbus.EventBus.post(EventBus.java:217) [minecraft_server.1.12.2.jar:?]
	at net.minecraftforge.fml.common.LoadController.distributeStateMessage(LoadController.java:136) [LoadController.class:?]
	at net.minecraftforge.fml.common.Loader.initializeMods(Loader.java:754) [Loader.class:?]
	at net.minecraftforge.fml.server.FMLServerHandler.finishServerLoading(FMLServerHandler.java:108) [FMLServerHandler.class:?]
	at net.minecraftforge.fml.common.FMLCommonHandler.onServerStarted(FMLCommonHandler.java:338) [FMLCommonHandler.class:?]
	at net.minecraft.server.dedicated.DedicatedServer.func_71197_b(DedicatedServer.java:219) [nz.class:?]
	at net.minecraft.server.MinecraftServer.run(MinecraftServer.java:486) [MinecraftServer.class:?]
	at java.lang.Thread.run(Thread.java:750) [?:1.8.0_432]
2024-12-05 21:30:51,490 [Server thread] WARN GottschCore | VersionChecker.java:55 | Bad URL: null
2024-12-05 21:30:52,768 [Server thread] INFO GottschCore | VersionChecker.java:110 | [treasure2] Starting version check at https://raw.githubusercontent.com/gottsch/gottsch-minecraft-Treasure/master/Treasure2-1.12.2/update.json
2024-12-05 21:30:52,792 [Server thread] WARN GottschCore | VersionChecker.java:119 | Unexpected expection in data stream: 
java.io.FileNotFoundException: https://raw.githubusercontent.com/gottsch/gottsch-minecraft-Treasure/master/Treasure2-1.12.2/update.json
	at sun.net.www.protocol.http.HttpURLConnection.getInputStream0(HttpURLConnection.java:1913) ~[?:1.8.0_432]
	at sun.net.www.protocol.http.HttpURLConnection.access$200(HttpURLConnection.java:92) ~[?:1.8.0_432]
	at sun.net.www.protocol.http.HttpURLConnection$9.run(HttpURLConnection.java:1507) ~[?:1.8.0_432]
	at sun.net.www.protocol.http.HttpURLConnection$9.run(HttpURLConnection.java:1505) ~[?:1.8.0_432]
	at java.security.AccessController.doPrivileged(Native Method) ~[?:1.8.0_432]
	at java.security.AccessController.doPrivilegedWithCombiner(AccessController.java:784) ~[?:1.8.0_432]
	at sun.net.www.protocol.http.HttpURLConnection.getInputStream(HttpURLConnection.java:1504) ~[?:1.8.0_432]
	at sun.net.www.protocol.https.HttpsURLConnectionImpl.getInputStream(HttpsURLConnectionImpl.java:268) ~[?:1.8.0_432]
	at java.net.URL.openStream(URL.java:1093) ~[?:1.8.0_432]
	at com.someguyssoftware.gottschcore.version.VersionChecker.getVersionUsingForge(VersionChecker.java:114) [VersionChecker.class:?]
	at com.someguyssoftware.gottschcore.mod.AbstractMod.postInit(AbstractMod.java:65) [AbstractMod.class:?]
	at com.someguyssoftware.treasure2.Treasure.postInit(Treasure.java:232) [Treasure.class:?]
	at sun.reflect.NativeMethodAccessorImpl.invoke0(Native Method) ~[?:1.8.0_432]
	at sun.reflect.NativeMethodAccessorImpl.invoke(NativeMethodAccessorImpl.java:62) ~[?:1.8.0_432]
	at sun.reflect.DelegatingMethodAccessorImpl.invoke(DelegatingMethodAccessorImpl.java:43) ~[?:1.8.0_432]
	at java.lang.reflect.Method.invoke(Method.java:498) ~[?:1.8.0_432]
	at net.minecraftforge.fml.common.FMLModContainer.handleModStateEvent(FMLModContainer.java:637) [FMLModContainer.class:?]
	at sun.reflect.GeneratedMethodAccessor9.invoke(Unknown Source) ~[?:?]
	at sun.reflect.DelegatingMethodAccessorImpl.invoke(DelegatingMethodAccessorImpl.java:43) ~[?:1.8.0_432]
	at java.lang.reflect.Method.invoke(Method.java:498) ~[?:1.8.0_432]
	at com.google.common.eventbus.Subscriber.invokeSubscriberMethod(Subscriber.java:91) [minecraft_server.1.12.2.jar:?]
	at com.google.common.eventbus.Subscriber$SynchronizedSubscriber.invokeSubscriberMethod(Subscriber.java:150) [minecraft_server.1.12.2.jar:?]
	at com.google.common.eventbus.Subscriber$1.run(Subscriber.java:76) [minecraft_server.1.12.2.jar:?]
	at com.google.common.util.concurrent.MoreExecutors$DirectExecutor.execute(MoreExecutors.java:399) [minecraft_server.1.12.2.jar:?]
	at com.google.common.eventbus.Subscriber.dispatchEvent(Subscriber.java:71) [minecraft_server.1.12.2.jar:?]
	at com.google.common.eventbus.Dispatcher$PerThreadQueuedDispatcher.dispatch(Dispatcher.java:116) [minecraft_server.1.12.2.jar:?]
	at com.google.common.eventbus.EventBus.post(EventBus.java:217) [minecraft_server.1.12.2.jar:?]
	at net.minecraftforge.fml.common.LoadController.sendEventToModContainer(LoadController.java:219) [LoadController.class:?]
	at net.minecraftforge.fml.common.LoadController.propogateStateMessage(LoadController.java:197) [LoadController.class:?]
	at sun.reflect.NativeMethodAccessorImpl.invoke0(Native Method) ~[?:1.8.0_432]
	at sun.reflect.NativeMethodAccessorImpl.invoke(NativeMethodAccessorImpl.java:62) ~[?:1.8.0_432]
	at sun.reflect.DelegatingMethodAccessorImpl.invoke(DelegatingMethodAccessorImpl.java:43) ~[?:1.8.0_432]
	at java.lang.reflect.Method.invoke(Method.java:498) ~[?:1.8.0_432]
	at com.google.common.eventbus.Subscriber.invokeSubscriberMethod(Subscriber.java:91) [minecraft_server.1.12.2.jar:?]
	at com.google.common.eventbus.Subscriber$SynchronizedSubscriber.invokeSubscriberMethod(Subscriber.java:150) [minecraft_server.1.12.2.jar:?]
	at com.google.common.eventbus.Subscriber$1.run(Subscriber.java:76) [minecraft_server.1.12.2.jar:?]
	at com.google.common.util.concurrent.MoreExecutors$DirectExecutor.execute(MoreExecutors.java:399) [minecraft_server.1.12.2.jar:?]
	at com.google.common.eventbus.Subscriber.dispatchEvent(Subscriber.java:71) [minecraft_server.1.12.2.jar:?]
	at com.google.common.eventbus.Dispatcher$PerThreadQueuedDispatcher.dispatch(Dispatcher.java:116) [minecraft_server.1.12.2.jar:?]
	at com.google.common.eventbus.EventBus.post(EventBus.java:217) [minecraft_server.1.12.2.jar:?]
	at net.minecraftforge.fml.common.LoadController.distributeStateMessage(LoadController.java:136) [LoadController.class:?]
	at net.minecraftforge.fml.common.Loader.initializeMods(Loader.java:754) [Loader.class:?]
	at net.minecraftforge.fml.server.FMLServerHandler.finishServerLoading(FMLServerHandler.java:108) [FMLServerHandler.class:?]
	at net.minecraftforge.fml.common.FMLCommonHandler.onServerStarted(FMLCommonHandler.java:338) [FMLCommonHandler.class:?]
	at net.minecraft.server.dedicated.DedicatedServer.func_71197_b(DedicatedServer.java:219) [nz.class:?]
	at net.minecraft.server.MinecraftServer.run(MinecraftServer.java:486) [MinecraftServer.class:?]
	at java.lang.Thread.run(Thread.java:750) [?:1.8.0_432]
2024-12-05 21:30:52,793 [Server thread] WARN GottschCore | VersionChecker.java:55 | Bad URL: 
2024-12-05 21:30:56,138 [Server thread] ERROR GottschCore | LootTableManager.java:157 | Couldn't load loot table treasure2:loot_tables/treasure2/chests/special/clam_chest from /workspaces/Mc/servidor_minecraft/config/treasure2/loot_tables/treasure2/chests/special/clam_chest.json
com.google.gson.JsonSyntaxException: Expected name to be an item, was unknown string 'treasure2:clam_meat'
	at net.minecraft.util.JsonUtils.func_188172_b(SourceFile:124) ~[rc.class:?]
	at net.minecraft.util.JsonUtils.func_188180_i(SourceFile:135) ~[rc.class:?]
	at com.someguyssoftware.gottschcore.loot.LootEntryItem.deserialize(LootEntryItem.java:100) ~[LootEntryItem.class:?]
	at com.someguyssoftware.gottschcore.loot.LootEntry$Serializer.deserialize(LootEntry.java:92) ~[LootEntry$Serializer.class:?]
	at com.someguyssoftware.gottschcore.loot.LootEntry$Serializer.deserialize(LootEntry.java:72) ~[LootEntry$Serializer.class:?]
	at com.google.gson.internal.bind.TreeTypeAdapter.read(TreeTypeAdapter.java:69) ~[TreeTypeAdapter.class:?]
	at com.google.gson.internal.bind.TypeAdapterRuntimeTypeWrapper.read(TypeAdapterRuntimeTypeWrapper.java:41) ~[TypeAdapterRuntimeTypeWrapper.class:?]
	at com.google.gson.internal.bind.ArrayTypeAdapter.read(ArrayTypeAdapter.java:72) ~[ArrayTypeAdapter.class:?]
	at com.google.gson.Gson.fromJson(Gson.java:887) ~[Gson.class:?]
	at com.google.gson.Gson.fromJson(Gson.java:952) ~[Gson.class:?]
	at com.google.gson.internal.bind.TreeTypeAdapter$GsonContextImpl.deserialize(TreeTypeAdapter.java:162) ~[TreeTypeAdapter$GsonContextImpl.class:?]
	at net.minecraft.util.JsonUtils.func_188179_a(SourceFile:439) ~[rc.class:?]
	at net.minecraft.util.JsonUtils.func_188174_a(SourceFile:447) ~[rc.class:?]
	at com.someguyssoftware.gottschcore.loot.LootPool$Serializer.deserialize(LootPool.java:168) ~[LootPool$Serializer.class:?]
	at com.someguyssoftware.gottschcore.loot.LootPool$Serializer.deserialize(LootPool.java:164) ~[LootPool$Serializer.class:?]
	at com.google.gson.internal.bind.TreeTypeAdapter.read(TreeTypeAdapter.java:69) ~[TreeTypeAdapter.class:?]
	at com.google.gson.internal.bind.TypeAdapterRuntimeTypeWrapper.read(TypeAdapterRuntimeTypeWrapper.java:41) ~[TypeAdapterRuntimeTypeWrapper.class:?]
	at com.google.gson.internal.bind.ArrayTypeAdapter.read(ArrayTypeAdapter.java:72) ~[ArrayTypeAdapter.class:?]
	at com.google.gson.Gson.fromJson(Gson.java:887) ~[Gson.class:?]
	at com.google.gson.Gson.fromJson(Gson.java:952) ~[Gson.class:?]
	at com.google.gson.internal.bind.TreeTypeAdapter$GsonContextImpl.deserialize(TreeTypeAdapter.java:162) ~[TreeTypeAdapter$GsonContextImpl.class:?]
	at net.minecraft.util.JsonUtils.func_188179_a(SourceFile:439) ~[rc.class:?]
	at net.minecraft.util.JsonUtils.func_188177_a(SourceFile:455) ~[rc.class:?]
	at com.someguyssoftware.gottschcore.loot.LootTable$Serializer.deserialize(LootTable.java:198) ~[LootTable$Serializer.class:?]
	at com.someguyssoftware.gottschcore.loot.LootTable$Serializer.deserialize(LootTable.java:195) ~[LootTable$Serializer.class:?]
	at com.google.gson.internal.bind.TreeTypeAdapter.read(TreeTypeAdapter.java:69) ~[TreeTypeAdapter.class:?]
	at com.google.gson.Gson.fromJson(Gson.java:887) ~[Gson.class:?]
	at com.google.gson.Gson.fromJson(Gson.java:852) ~[Gson.class:?]
	at com.google.gson.Gson.fromJson(Gson.java:801) ~[Gson.class:?]
	at com.google.gson.Gson.fromJson(Gson.java:773) ~[Gson.class:?]
	at com.someguyssoftware.gottschcore.loot.LootTableManager.loadLootTable(LootTableManager.java:209) ~[LootTableManager.class:?]
	at com.someguyssoftware.gottschcore.loot.LootTableManager$Loader.loadLootTable(LootTableManager.java:154) [LootTableManager$Loader.class:?]
	at com.someguyssoftware.gottschcore.loot.LootTableManager$Loader.load(LootTableManager.java:113) [LootTableManager$Loader.class:?]
	at com.someguyssoftware.gottschcore.loot.LootTableManager$Loader.load(LootTableManager.java:103) [LootTableManager$Loader.class:?]
	at com.google.common.cache.LocalCache$LoadingValueReference.loadFuture(LocalCache.java:3716) [minecraft_server.1.12.2.jar:?]
	at com.google.common.cache.LocalCache$Segment.loadSync(LocalCache.java:2424) [minecraft_server.1.12.2.jar:?]
	at com.google.common.cache.LocalCache$Segment.lockedGetOrLoad(LocalCache.java:2298) [minecraft_server.1.12.2.jar:?]
	at com.google.common.cache.LocalCache$Segment.get(LocalCache.java:2211) [minecraft_server.1.12.2.jar:?]
	at com.google.common.cache.LocalCache.get(LocalCache.java:4154) [minecraft_server.1.12.2.jar:?]
	at com.google.common.cache.LocalCache.getOrLoad(LocalCache.java:4158) [minecraft_server.1.12.2.jar:?]
	at com.google.common.cache.LocalCache$LocalLoadingCache.get(LocalCache.java:5147) [minecraft_server.1.12.2.jar:?]
	at com.google.common.cache.LocalCache$LocalLoadingCache.getUnchecked(LocalCache.java:5153) [minecraft_server.1.12.2.jar:?]
	at com.someguyssoftware.gottschcore.loot.LootTableManager.getLootTableFromLocation(LootTableManager.java:90) [LootTableManager.class:?]
	at com.someguyssoftware.treasure2.loot.TreasureLootTableMaster.register(TreasureLootTableMaster.java:145) [TreasureLootTableMaster.class:?]
	at com.someguyssoftware.treasure2.eventhandler.WorldEventHandler.onWorldLoad(WorldEventHandler.java:58) [WorldEventHandler.class:?]
	at net.minecraftforge.fml.common.eventhandler.ASMEventHandler_667_WorldEventHandler_onWorldLoad_Load.invoke(.dynamic) [?:?]
	at net.minecraftforge.fml.common.eventhandler.ASMEventHandler.invoke(ASMEventHandler.java:90) [ASMEventHandler.class:?]
	at net.minecraftforge.fml.common.eventhandler.EventBus.post(EventBus.java:182) [EventBus.class:?]
	at net.minecraft.server.MinecraftServer.func_71247_a(MinecraftServer.java:309) [MinecraftServer.class:?]
	at net.minecraft.server.dedicated.DedicatedServer.func_71197_b(DedicatedServer.java:270) [nz.class:?]
	at net.minecraft.server.MinecraftServer.run(MinecraftServer.java:486) [MinecraftServer.class:?]
	at java.lang.Thread.run(Thread.java:750) [?:1.8.0_432]
2024-12-05 21:30:56,140 [Server thread] ERROR GottschCore | LootTableManager.java:157 | Couldn't load loot table treasure2:loot_tables/treasure2/chests/special/oyster_chest from /workspaces/Mc/servidor_minecraft/config/treasure2/loot_tables/treasure2/chests/special/oyster_chest.json
com.google.gson.JsonSyntaxException: Expected name to be an item, was unknown string 'treasure2:oyster_meat'
	at net.minecraft.util.JsonUtils.func_188172_b(SourceFile:124) ~[rc.class:?]
	at net.minecraft.util.JsonUtils.func_188180_i(SourceFile:135) ~[rc.class:?]
	at com.someguyssoftware.gottschcore.loot.LootEntryItem.deserialize(LootEntryItem.java:100) ~[LootEntryItem.class:?]
	at com.someguyssoftware.gottschcore.loot.LootEntry$Serializer.deserialize(LootEntry.java:92) ~[LootEntry$Serializer.class:?]
	at com.someguyssoftware.gottschcore.loot.LootEntry$Serializer.deserialize(LootEntry.java:72) ~[LootEntry$Serializer.class:?]
	at com.google.gson.internal.bind.TreeTypeAdapter.read(TreeTypeAdapter.java:69) ~[TreeTypeAdapter.class:?]
	at com.google.gson.internal.bind.TypeAdapterRuntimeTypeWrapper.read(TypeAdapterRuntimeTypeWrapper.java:41) ~[TypeAdapterRuntimeTypeWrapper.class:?]
	at com.google.gson.internal.bind.ArrayTypeAdapter.read(ArrayTypeAdapter.java:72) ~[ArrayTypeAdapter.class:?]
	at com.google.gson.Gson.fromJson(Gson.java:887) ~[Gson.class:?]
	at com.google.gson.Gson.fromJson(Gson.java:952) ~[Gson.class:?]
	at com.google.gson.internal.bind.TreeTypeAdapter$GsonContextImpl.deserialize(TreeTypeAdapter.java:162) ~[TreeTypeAdapter$GsonContextImpl.class:?]
	at net.minecraft.util.JsonUtils.func_188179_a(SourceFile:439) ~[rc.class:?]
	at net.minecraft.util.JsonUtils.func_188174_a(SourceFile:447) ~[rc.class:?]
	at com.someguyssoftware.gottschcore.loot.LootPool$Serializer.deserialize(LootPool.java:168) ~[LootPool$Serializer.class:?]
	at com.someguyssoftware.gottschcore.loot.LootPool$Serializer.deserialize(LootPool.java:164) ~[LootPool$Serializer.class:?]
	at com.google.gson.internal.bind.TreeTypeAdapter.read(TreeTypeAdapter.java:69) ~[TreeTypeAdapter.class:?]
	at com.google.gson.internal.bind.TypeAdapterRuntimeTypeWrapper.read(TypeAdapterRuntimeTypeWrapper.java:41) ~[TypeAdapterRuntimeTypeWrapper.class:?]
	at com.google.gson.internal.bind.ArrayTypeAdapter.read(ArrayTypeAdapter.java:72) ~[ArrayTypeAdapter.class:?]
	at com.google.gson.Gson.fromJson(Gson.java:887) ~[Gson.class:?]
	at com.google.gson.Gson.fromJson(Gson.java:952) ~[Gson.class:?]
	at com.google.gson.internal.bind.TreeTypeAdapter$GsonContextImpl.deserialize(TreeTypeAdapter.java:162) ~[TreeTypeAdapter$GsonContextImpl.class:?]
	at net.minecraft.util.JsonUtils.func_188179_a(SourceFile:439) ~[rc.class:?]
	at net.minecraft.util.JsonUtils.func_188177_a(SourceFile:455) ~[rc.class:?]
	at com.someguyssoftware.gottschcore.loot.LootTable$Serializer.deserialize(LootTable.java:198) ~[LootTable$Serializer.class:?]
	at com.someguyssoftware.gottschcore.loot.LootTable$Serializer.deserialize(LootTable.java:195) ~[LootTable$Serializer.class:?]
	at com.google.gson.internal.bind.TreeTypeAdapter.read(TreeTypeAdapter.java:69) ~[TreeTypeAdapter.class:?]
	at com.google.gson.Gson.fromJson(Gson.java:887) ~[Gson.class:?]
	at com.google.gson.Gson.fromJson(Gson.java:852) ~[Gson.class:?]
	at com.google.gson.Gson.fromJson(Gson.java:801) ~[Gson.class:?]
	at com.google.gson.Gson.fromJson(Gson.java:773) ~[Gson.class:?]
	at com.someguyssoftware.gottschcore.loot.LootTableManager.loadLootTable(LootTableManager.java:209) ~[LootTableManager.class:?]
	at com.someguyssoftware.gottschcore.loot.LootTableManager$Loader.loadLootTable(LootTableManager.java:154) [LootTableManager$Loader.class:?]
	at com.someguyssoftware.gottschcore.loot.LootTableManager$Loader.load(LootTableManager.java:113) [LootTableManager$Loader.class:?]
	at com.someguyssoftware.gottschcore.loot.LootTableManager$Loader.load(LootTableManager.java:103) [LootTableManager$Loader.class:?]
	at com.google.common.cache.LocalCache$LoadingValueReference.loadFuture(LocalCache.java:3716) [minecraft_server.1.12.2.jar:?]
	at com.google.common.cache.LocalCache$Segment.loadSync(LocalCache.java:2424) [minecraft_server.1.12.2.jar:?]
	at com.google.common.cache.LocalCache$Segment.lockedGetOrLoad(LocalCache.java:2298) [minecraft_server.1.12.2.jar:?]
	at com.google.common.cache.LocalCache$Segment.get(LocalCache.java:2211) [minecraft_server.1.12.2.jar:?]
	at com.google.common.cache.LocalCache.get(LocalCache.java:4154) [minecraft_server.1.12.2.jar:?]
	at com.google.common.cache.LocalCache.getOrLoad(LocalCache.java:4158) [minecraft_server.1.12.2.jar:?]
	at com.google.common.cache.LocalCache$LocalLoadingCache.get(LocalCache.java:5147) [minecraft_server.1.12.2.jar:?]
	at com.google.common.cache.LocalCache$LocalLoadingCache.getUnchecked(LocalCache.java:5153) [minecraft_server.1.12.2.jar:?]
	at com.someguyssoftware.gottschcore.loot.LootTableManager.getLootTableFromLocation(LootTableManager.java:90) [LootTableManager.class:?]
	at com.someguyssoftware.treasure2.loot.TreasureLootTableMaster.register(TreasureLootTableMaster.java:145) [TreasureLootTableMaster.class:?]
	at com.someguyssoftware.treasure2.eventhandler.WorldEventHandler.onWorldLoad(WorldEventHandler.java:58) [WorldEventHandler.class:?]
	at net.minecraftforge.fml.common.eventhandler.ASMEventHandler_667_WorldEventHandler_onWorldLoad_Load.invoke(.dynamic) [?:?]
	at net.minecraftforge.fml.common.eventhandler.ASMEventHandler.invoke(ASMEventHandler.java:90) [ASMEventHandler.class:?]
	at net.minecraftforge.fml.common.eventhandler.EventBus.post(EventBus.java:182) [EventBus.class:?]
	at net.minecraft.server.MinecraftServer.func_71247_a(MinecraftServer.java:309) [MinecraftServer.class:?]
	at net.minecraft.server.dedicated.DedicatedServer.func_71197_b(DedicatedServer.java:270) [nz.class:?]
	at net.minecraft.server.MinecraftServer.run(MinecraftServer.java:486) [MinecraftServer.class:?]
	at java.lang.Thread.run(Thread.java:750) [?:1.8.0_432]
2024-12-05 22:06:47,376 [Server thread] ERROR GottschCore | AbstractResourceManager.java:173 | Unable to locate resource /structures/treasure2/float/
2024-12-05 22:06:49,865 [Server thread] INFO GottschCore | VersionChecker.java:110 | [gottschcore] Starting version check at https://raw.githubusercontent.com/gottsch/gottsch-minecraft-GottschCore/master/GottschCore1.12.2/update.json
2024-12-05 22:06:49,890 [Server thread] WARN GottschCore | VersionChecker.java:119 | Unexpected expection in data stream: 
java.io.FileNotFoundException: https://raw.githubusercontent.com/gottsch/gottsch-minecraft-GottschCore/master/GottschCore1.12.2/update.json
	at sun.net.www.protocol.http.HttpURLConnection.getInputStream0(HttpURLConnection.java:1913) ~[?:1.8.0_432]
	at sun.net.www.protocol.http.HttpURLConnection.access$200(HttpURLConnection.java:92) ~[?:1.8.0_432]
	at sun.net.www.protocol.http.HttpURLConnection$9.run(HttpURLConnection.java:1507) ~[?:1.8.0_432]
	at sun.net.www.protocol.http.HttpURLConnection$9.run(HttpURLConnection.java:1505) ~[?:1.8.0_432]
	at java.security.AccessController.doPrivileged(Native Method) ~[?:1.8.0_432]
	at java.security.AccessController.doPrivilegedWithCombiner(AccessController.java:784) ~[?:1.8.0_432]
	at sun.net.www.protocol.http.HttpURLConnection.getInputStream(HttpURLConnection.java:1504) ~[?:1.8.0_432]
	at sun.net.www.protocol.https.HttpsURLConnectionImpl.getInputStream(HttpsURLConnectionImpl.java:268) ~[?:1.8.0_432]
	at java.net.URL.openStream(URL.java:1093) ~[?:1.8.0_432]
	at com.someguyssoftware.gottschcore.version.VersionChecker.getVersionUsingForge(VersionChecker.java:114) [VersionChecker.class:?]
	at com.someguyssoftware.gottschcore.mod.AbstractMod.postInit(AbstractMod.java:65) [AbstractMod.class:?]
	at com.someguyssoftware.gottschcore.GottschCore.postInit(GottschCore.java:93) [GottschCore.class:?]
	at sun.reflect.NativeMethodAccessorImpl.invoke0(Native Method) ~[?:1.8.0_432]
	at sun.reflect.NativeMethodAccessorImpl.invoke(NativeMethodAccessorImpl.java:62) ~[?:1.8.0_432]
	at sun.reflect.DelegatingMethodAccessorImpl.invoke(DelegatingMethodAccessorImpl.java:43) ~[?:1.8.0_432]
	at java.lang.reflect.Method.invoke(Method.java:498) ~[?:1.8.0_432]
	at net.minecraftforge.fml.common.FMLModContainer.handleModStateEvent(FMLModContainer.java:637) [FMLModContainer.class:?]
	at sun.reflect.GeneratedMethodAccessor9.invoke(Unknown Source) ~[?:?]
	at sun.reflect.DelegatingMethodAccessorImpl.invoke(DelegatingMethodAccessorImpl.java:43) ~[?:1.8.0_432]
	at java.lang.reflect.Method.invoke(Method.java:498) ~[?:1.8.0_432]
	at com.google.common.eventbus.Subscriber.invokeSubscriberMethod(Subscriber.java:91) [minecraft_server.1.12.2.jar:?]
	at com.google.common.eventbus.Subscriber$SynchronizedSubscriber.invokeSubscriberMethod(Subscriber.java:150) [minecraft_server.1.12.2.jar:?]
	at com.google.common.eventbus.Subscriber$1.run(Subscriber.java:76) [minecraft_server.1.12.2.jar:?]
	at com.google.common.util.concurrent.MoreExecutors$DirectExecutor.execute(MoreExecutors.java:399) [minecraft_server.1.12.2.jar:?]
	at com.google.common.eventbus.Subscriber.dispatchEvent(Subscriber.java:71) [minecraft_server.1.12.2.jar:?]
	at com.google.common.eventbus.Dispatcher$PerThreadQueuedDispatcher.dispatch(Dispatcher.java:116) [minecraft_server.1.12.2.jar:?]
	at com.google.common.eventbus.EventBus.post(EventBus.java:217) [minecraft_server.1.12.2.jar:?]
	at net.minecraftforge.fml.common.LoadController.sendEventToModContainer(LoadController.java:219) [LoadController.class:?]
	at net.minecraftforge.fml.common.LoadController.propogateStateMessage(LoadController.java:197) [LoadController.class:?]
	at sun.reflect.NativeMethodAccessorImpl.invoke0(Native Method) ~[?:1.8.0_432]
	at sun.reflect.NativeMethodAccessorImpl.invoke(NativeMethodAccessorImpl.java:62) ~[?:1.8.0_432]
	at sun.reflect.DelegatingMethodAccessorImpl.invoke(DelegatingMethodAccessorImpl.java:43) ~[?:1.8.0_432]
	at java.lang.reflect.Method.invoke(Method.java:498) ~[?:1.8.0_432]
	at com.google.common.eventbus.Subscriber.invokeSubscriberMethod(Subscriber.java:91) [minecraft_server.1.12.2.jar:?]
	at com.google.common.eventbus.Subscriber$SynchronizedSubscriber.invokeSubscriberMethod(Subscriber.java:150) [minecraft_server.1.12.2.jar:?]
	at com.google.common.eventbus.Subscriber$1.run(Subscriber.java:76) [minecraft_server.1.12.2.jar:?]
	at com.google.common.util.concurrent.MoreExecutors$DirectExecutor.execute(MoreExecutors.java:399) [minecraft_server.1.12.2.jar:?]
	at com.google.common.eventbus.Subscriber.dispatchEvent(Subscriber.java:71) [minecraft_server.1.12.2.jar:?]
	at com.google.common.eventbus.Dispatcher$PerThreadQueuedDispatcher.dispatch(Dispatcher.java:116) [minecraft_server.1.12.2.jar:?]
	at com.google.common.eventbus.EventBus.post(EventBus.java:217) [minecraft_server.1.12.2.jar:?]
	at net.minecraftforge.fml.common.LoadController.distributeStateMessage(LoadController.java:136) [LoadController.class:?]
	at net.minecraftforge.fml.common.Loader.initializeMods(Loader.java:754) [Loader.class:?]
	at net.minecraftforge.fml.server.FMLServerHandler.finishServerLoading(FMLServerHandler.java:108) [FMLServerHandler.class:?]
	at net.minecraftforge.fml.common.FMLCommonHandler.onServerStarted(FMLCommonHandler.java:338) [FMLCommonHandler.class:?]
	at net.minecraft.server.dedicated.DedicatedServer.func_71197_b(DedicatedServer.java:219) [nz.class:?]
	at net.minecraft.server.MinecraftServer.run(MinecraftServer.java:486) [MinecraftServer.class:?]
	at java.lang.Thread.run(Thread.java:750) [?:1.8.0_432]
2024-12-05 22:06:49,891 [Server thread] WARN GottschCore | VersionChecker.java:55 | Bad URL: null
2024-12-05 22:06:51,396 [Server thread] INFO GottschCore | VersionChecker.java:110 | [treasure2] Starting version check at https://raw.githubusercontent.com/gottsch/gottsch-minecraft-Treasure/master/Treasure2-1.12.2/update.json
2024-12-05 22:06:51,420 [Server thread] WARN GottschCore | VersionChecker.java:119 | Unexpected expection in data stream: 
java.io.FileNotFoundException: https://raw.githubusercontent.com/gottsch/gottsch-minecraft-Treasure/master/Treasure2-1.12.2/update.json
	at sun.net.www.protocol.http.HttpURLConnection.getInputStream0(HttpURLConnection.java:1913) ~[?:1.8.0_432]
	at sun.net.www.protocol.http.HttpURLConnection.access$200(HttpURLConnection.java:92) ~[?:1.8.0_432]
	at sun.net.www.protocol.http.HttpURLConnection$9.run(HttpURLConnection.java:1507) ~[?:1.8.0_432]
	at sun.net.www.protocol.http.HttpURLConnection$9.run(HttpURLConnection.java:1505) ~[?:1.8.0_432]
	at java.security.AccessController.doPrivileged(Native Method) ~[?:1.8.0_432]
	at java.security.AccessController.doPrivilegedWithCombiner(AccessController.java:784) ~[?:1.8.0_432]
	at sun.net.www.protocol.http.HttpURLConnection.getInputStream(HttpURLConnection.java:1504) ~[?:1.8.0_432]
	at sun.net.www.protocol.https.HttpsURLConnectionImpl.getInputStream(HttpsURLConnectionImpl.java:268) ~[?:1.8.0_432]
	at java.net.URL.openStream(URL.java:1093) ~[?:1.8.0_432]
	at com.someguyssoftware.gottschcore.version.VersionChecker.getVersionUsingForge(VersionChecker.java:114) [VersionChecker.class:?]
	at com.someguyssoftware.gottschcore.mod.AbstractMod.postInit(AbstractMod.java:65) [AbstractMod.class:?]
	at com.someguyssoftware.treasure2.Treasure.postInit(Treasure.java:232) [Treasure.class:?]
	at sun.reflect.NativeMethodAccessorImpl.invoke0(Native Method) ~[?:1.8.0_432]
	at sun.reflect.NativeMethodAccessorImpl.invoke(NativeMethodAccessorImpl.java:62) ~[?:1.8.0_432]
	at sun.reflect.DelegatingMethodAccessorImpl.invoke(DelegatingMethodAccessorImpl.java:43) ~[?:1.8.0_432]
	at java.lang.reflect.Method.invoke(Method.java:498) ~[?:1.8.0_432]
	at net.minecraftforge.fml.common.FMLModContainer.handleModStateEvent(FMLModContainer.java:637) [FMLModContainer.class:?]
	at sun.reflect.GeneratedMethodAccessor9.invoke(Unknown Source) ~[?:?]
	at sun.reflect.DelegatingMethodAccessorImpl.invoke(DelegatingMethodAccessorImpl.java:43) ~[?:1.8.0_432]
	at java.lang.reflect.Method.invoke(Method.java:498) ~[?:1.8.0_432]
	at com.google.common.eventbus.Subscriber.invokeSubscriberMethod(Subscriber.java:91) [minecraft_server.1.12.2.jar:?]
	at com.google.common.eventbus.Subscriber$SynchronizedSubscriber.invokeSubscriberMethod(Subscriber.java:150) [minecraft_server.1.12.2.jar:?]
	at com.google.common.eventbus.Subscriber$1.run(Subscriber.java:76) [minecraft_server.1.12.2.jar:?]
	at com.google.common.util.concurrent.MoreExecutors$DirectExecutor.execute(MoreExecutors.java:399) [minecraft_server.1.12.2.jar:?]
	at com.google.common.eventbus.Subscriber.dispatchEvent(Subscriber.java:71) [minecraft_server.1.12.2.jar:?]
	at com.google.common.eventbus.Dispatcher$PerThreadQueuedDispatcher.dispatch(Dispatcher.java:116) [minecraft_server.1.12.2.jar:?]
	at com.google.common.eventbus.EventBus.post(EventBus.java:217) [minecraft_server.1.12.2.jar:?]
	at net.minecraftforge.fml.common.LoadController.sendEventToModContainer(LoadController.java:219) [LoadController.class:?]
	at net.minecraftforge.fml.common.LoadController.propogateStateMessage(LoadController.java:197) [LoadController.class:?]
	at sun.reflect.NativeMethodAccessorImpl.invoke0(Native Method) ~[?:1.8.0_432]
	at sun.reflect.NativeMethodAccessorImpl.invoke(NativeMethodAccessorImpl.java:62) ~[?:1.8.0_432]
	at sun.reflect.DelegatingMethodAccessorImpl.invoke(DelegatingMethodAccessorImpl.java:43) ~[?:1.8.0_432]
	at java.lang.reflect.Method.invoke(Method.java:498) ~[?:1.8.0_432]
	at com.google.common.eventbus.Subscriber.invokeSubscriberMethod(Subscriber.java:91) [minecraft_server.1.12.2.jar:?]
	at com.google.common.eventbus.Subscriber$SynchronizedSubscriber.invokeSubscriberMethod(Subscriber.java:150) [minecraft_server.1.12.2.jar:?]
	at com.google.common.eventbus.Subscriber$1.run(Subscriber.java:76) [minecraft_server.1.12.2.jar:?]
	at com.google.common.util.concurrent.MoreExecutors$DirectExecutor.execute(MoreExecutors.java:399) [minecraft_server.1.12.2.jar:?]
	at com.google.common.eventbus.Subscriber.dispatchEvent(Subscriber.java:71) [minecraft_server.1.12.2.jar:?]
	at com.google.common.eventbus.Dispatcher$PerThreadQueuedDispatcher.dispatch(Dispatcher.java:116) [minecraft_server.1.12.2.jar:?]
	at com.google.common.eventbus.EventBus.post(EventBus.java:217) [minecraft_server.1.12.2.jar:?]
	at net.minecraftforge.fml.common.LoadController.distributeStateMessage(LoadController.java:136) [LoadController.class:?]
	at net.minecraftforge.fml.common.Loader.initializeMods(Loader.java:754) [Loader.class:?]
	at net.minecraftforge.fml.server.FMLServerHandler.finishServerLoading(FMLServerHandler.java:108) [FMLServerHandler.class:?]
	at net.minecraftforge.fml.common.FMLCommonHandler.onServerStarted(FMLCommonHandler.java:338) [FMLCommonHandler.class:?]
	at net.minecraft.server.dedicated.DedicatedServer.func_71197_b(DedicatedServer.java:219) [nz.class:?]
	at net.minecraft.server.MinecraftServer.run(MinecraftServer.java:486) [MinecraftServer.class:?]
	at java.lang.Thread.run(Thread.java:750) [?:1.8.0_432]
2024-12-05 22:06:51,420 [Server thread] WARN GottschCore | VersionChecker.java:55 | Bad URL: 
2024-12-05 22:06:56,174 [Server thread] ERROR GottschCore | LootTableManager.java:157 | Couldn't load loot table treasure2:loot_tables/treasure2/chests/special/clam_chest from /workspaces/Mc/servidor_minecraft/config/treasure2/loot_tables/treasure2/chests/special/clam_chest.json
com.google.gson.JsonSyntaxException: Expected name to be an item, was unknown string 'treasure2:clam_meat'
	at net.minecraft.util.JsonUtils.func_188172_b(SourceFile:124) ~[rc.class:?]
	at net.minecraft.util.JsonUtils.func_188180_i(SourceFile:135) ~[rc.class:?]
	at com.someguyssoftware.gottschcore.loot.LootEntryItem.deserialize(LootEntryItem.java:100) ~[LootEntryItem.class:?]
	at com.someguyssoftware.gottschcore.loot.LootEntry$Serializer.deserialize(LootEntry.java:92) ~[LootEntry$Serializer.class:?]
	at com.someguyssoftware.gottschcore.loot.LootEntry$Serializer.deserialize(LootEntry.java:72) ~[LootEntry$Serializer.class:?]
	at com.google.gson.internal.bind.TreeTypeAdapter.read(TreeTypeAdapter.java:69) ~[TreeTypeAdapter.class:?]
	at com.google.gson.internal.bind.TypeAdapterRuntimeTypeWrapper.read(TypeAdapterRuntimeTypeWrapper.java:41) ~[TypeAdapterRuntimeTypeWrapper.class:?]
	at com.google.gson.internal.bind.ArrayTypeAdapter.read(ArrayTypeAdapter.java:72) ~[ArrayTypeAdapter.class:?]
	at com.google.gson.Gson.fromJson(Gson.java:887) ~[Gson.class:?]
	at com.google.gson.Gson.fromJson(Gson.java:952) ~[Gson.class:?]
	at com.google.gson.internal.bind.TreeTypeAdapter$GsonContextImpl.deserialize(TreeTypeAdapter.java:162) ~[TreeTypeAdapter$GsonContextImpl.class:?]
	at net.minecraft.util.JsonUtils.func_188179_a(SourceFile:439) ~[rc.class:?]
	at net.minecraft.util.JsonUtils.func_188174_a(SourceFile:447) ~[rc.class:?]
	at com.someguyssoftware.gottschcore.loot.LootPool$Serializer.deserialize(LootPool.java:168) ~[LootPool$Serializer.class:?]
	at com.someguyssoftware.gottschcore.loot.LootPool$Serializer.deserialize(LootPool.java:164) ~[LootPool$Serializer.class:?]
	at com.google.gson.internal.bind.TreeTypeAdapter.read(TreeTypeAdapter.java:69) ~[TreeTypeAdapter.class:?]
	at com.google.gson.internal.bind.TypeAdapterRuntimeTypeWrapper.read(TypeAdapterRuntimeTypeWrapper.java:41) ~[TypeAdapterRuntimeTypeWrapper.class:?]
	at com.google.gson.internal.bind.ArrayTypeAdapter.read(ArrayTypeAdapter.java:72) ~[ArrayTypeAdapter.class:?]
	at com.google.gson.Gson.fromJson(Gson.java:887) ~[Gson.class:?]
	at com.google.gson.Gson.fromJson(Gson.java:952) ~[Gson.class:?]
	at com.google.gson.internal.bind.TreeTypeAdapter$GsonContextImpl.deserialize(TreeTypeAdapter.java:162) ~[TreeTypeAdapter$GsonContextImpl.class:?]
	at net.minecraft.util.JsonUtils.func_188179_a(SourceFile:439) ~[rc.class:?]
	at net.minecraft.util.JsonUtils.func_188177_a(SourceFile:455) ~[rc.class:?]
	at com.someguyssoftware.gottschcore.loot.LootTable$Serializer.deserialize(LootTable.java:198) ~[LootTable$Serializer.class:?]
	at com.someguyssoftware.gottschcore.loot.LootTable$Serializer.deserialize(LootTable.java:195) ~[LootTable$Serializer.class:?]
	at com.google.gson.internal.bind.TreeTypeAdapter.read(TreeTypeAdapter.java:69) ~[TreeTypeAdapter.class:?]
	at com.google.gson.Gson.fromJson(Gson.java:887) ~[Gson.class:?]
	at com.google.gson.Gson.fromJson(Gson.java:852) ~[Gson.class:?]
	at com.google.gson.Gson.fromJson(Gson.java:801) ~[Gson.class:?]
	at com.google.gson.Gson.fromJson(Gson.java:773) ~[Gson.class:?]
	at com.someguyssoftware.gottschcore.loot.LootTableManager.loadLootTable(LootTableManager.java:209) ~[LootTableManager.class:?]
	at com.someguyssoftware.gottschcore.loot.LootTableManager$Loader.loadLootTable(LootTableManager.java:154) [LootTableManager$Loader.class:?]
	at com.someguyssoftware.gottschcore.loot.LootTableManager$Loader.load(LootTableManager.java:113) [LootTableManager$Loader.class:?]
	at com.someguyssoftware.gottschcore.loot.LootTableManager$Loader.load(LootTableManager.java:103) [LootTableManager$Loader.class:?]
	at com.google.common.cache.LocalCache$LoadingValueReference.loadFuture(LocalCache.java:3716) [minecraft_server.1.12.2.jar:?]
	at com.google.common.cache.LocalCache$Segment.loadSync(LocalCache.java:2424) [minecraft_server.1.12.2.jar:?]
	at com.google.common.cache.LocalCache$Segment.lockedGetOrLoad(LocalCache.java:2298) [minecraft_server.1.12.2.jar:?]
	at com.google.common.cache.LocalCache$Segment.get(LocalCache.java:2211) [minecraft_server.1.12.2.jar:?]
	at com.google.common.cache.LocalCache.get(LocalCache.java:4154) [minecraft_server.1.12.2.jar:?]
	at com.google.common.cache.LocalCache.getOrLoad(LocalCache.java:4158) [minecraft_server.1.12.2.jar:?]
	at com.google.common.cache.LocalCache$LocalLoadingCache.get(LocalCache.java:5147) [minecraft_server.1.12.2.jar:?]
	at com.google.common.cache.LocalCache$LocalLoadingCache.getUnchecked(LocalCache.java:5153) [minecraft_server.1.12.2.jar:?]
	at com.someguyssoftware.gottschcore.loot.LootTableManager.getLootTableFromLocation(LootTableManager.java:90) [LootTableManager.class:?]
	at com.someguyssoftware.treasure2.loot.TreasureLootTableMaster.register(TreasureLootTableMaster.java:145) [TreasureLootTableMaster.class:?]
	at com.someguyssoftware.treasure2.eventhandler.WorldEventHandler.onWorldLoad(WorldEventHandler.java:58) [WorldEventHandler.class:?]
	at net.minecraftforge.fml.common.eventhandler.ASMEventHandler_667_WorldEventHandler_onWorldLoad_Load.invoke(.dynamic) [?:?]
	at net.minecraftforge.fml.common.eventhandler.ASMEventHandler.invoke(ASMEventHandler.java:90) [ASMEventHandler.class:?]
	at net.minecraftforge.fml.common.eventhandler.EventBus.post(EventBus.java:182) [EventBus.class:?]
	at net.minecraft.server.MinecraftServer.func_71247_a(MinecraftServer.java:309) [MinecraftServer.class:?]
	at net.minecraft.server.dedicated.DedicatedServer.func_71197_b(DedicatedServer.java:270) [nz.class:?]
	at net.minecraft.server.MinecraftServer.run(MinecraftServer.java:486) [MinecraftServer.class:?]
	at java.lang.Thread.run(Thread.java:750) [?:1.8.0_432]
2024-12-05 22:06:56,177 [Server thread] ERROR GottschCore | LootTableManager.java:157 | Couldn't load loot table treasure2:loot_tables/treasure2/chests/special/oyster_chest from /workspaces/Mc/servidor_minecraft/config/treasure2/loot_tables/treasure2/chests/special/oyster_chest.json
com.google.gson.JsonSyntaxException: Expected name to be an item, was unknown string 'treasure2:oyster_meat'
	at net.minecraft.util.JsonUtils.func_188172_b(SourceFile:124) ~[rc.class:?]
	at net.minecraft.util.JsonUtils.func_188180_i(SourceFile:135) ~[rc.class:?]
	at com.someguyssoftware.gottschcore.loot.LootEntryItem.deserialize(LootEntryItem.java:100) ~[LootEntryItem.class:?]
	at com.someguyssoftware.gottschcore.loot.LootEntry$Serializer.deserialize(LootEntry.java:92) ~[LootEntry$Serializer.class:?]
	at com.someguyssoftware.gottschcore.loot.LootEntry$Serializer.deserialize(LootEntry.java:72) ~[LootEntry$Serializer.class:?]
	at com.google.gson.internal.bind.TreeTypeAdapter.read(TreeTypeAdapter.java:69) ~[TreeTypeAdapter.class:?]
	at com.google.gson.internal.bind.TypeAdapterRuntimeTypeWrapper.read(TypeAdapterRuntimeTypeWrapper.java:41) ~[TypeAdapterRuntimeTypeWrapper.class:?]
	at com.google.gson.internal.bind.ArrayTypeAdapter.read(ArrayTypeAdapter.java:72) ~[ArrayTypeAdapter.class:?]
	at com.google.gson.Gson.fromJson(Gson.java:887) ~[Gson.class:?]
	at com.google.gson.Gson.fromJson(Gson.java:952) ~[Gson.class:?]
	at com.google.gson.internal.bind.TreeTypeAdapter$GsonContextImpl.deserialize(TreeTypeAdapter.java:162) ~[TreeTypeAdapter$GsonContextImpl.class:?]
	at net.minecraft.util.JsonUtils.func_188179_a(SourceFile:439) ~[rc.class:?]
	at net.minecraft.util.JsonUtils.func_188174_a(SourceFile:447) ~[rc.class:?]
	at com.someguyssoftware.gottschcore.loot.LootPool$Serializer.deserialize(LootPool.java:168) ~[LootPool$Serializer.class:?]
	at com.someguyssoftware.gottschcore.loot.LootPool$Serializer.deserialize(LootPool.java:164) ~[LootPool$Serializer.class:?]
	at com.google.gson.internal.bind.TreeTypeAdapter.read(TreeTypeAdapter.java:69) ~[TreeTypeAdapter.class:?]
	at com.google.gson.internal.bind.TypeAdapterRuntimeTypeWrapper.read(TypeAdapterRuntimeTypeWrapper.java:41) ~[TypeAdapterRuntimeTypeWrapper.class:?]
	at com.google.gson.internal.bind.ArrayTypeAdapter.read(ArrayTypeAdapter.java:72) ~[ArrayTypeAdapter.class:?]
	at com.google.gson.Gson.fromJson(Gson.java:887) ~[Gson.class:?]
	at com.google.gson.Gson.fromJson(Gson.java:952) ~[Gson.class:?]
	at com.google.gson.internal.bind.TreeTypeAdapter$GsonContextImpl.deserialize(TreeTypeAdapter.java:162) ~[TreeTypeAdapter$GsonContextImpl.class:?]
	at net.minecraft.util.JsonUtils.func_188179_a(SourceFile:439) ~[rc.class:?]
	at net.minecraft.util.JsonUtils.func_188177_a(SourceFile:455) ~[rc.class:?]
	at com.someguyssoftware.gottschcore.loot.LootTable$Serializer.deserialize(LootTable.java:198) ~[LootTable$Serializer.class:?]
	at com.someguyssoftware.gottschcore.loot.LootTable$Serializer.deserialize(LootTable.java:195) ~[LootTable$Serializer.class:?]
	at com.google.gson.internal.bind.TreeTypeAdapter.read(TreeTypeAdapter.java:69) ~[TreeTypeAdapter.class:?]
	at com.google.gson.Gson.fromJson(Gson.java:887) ~[Gson.class:?]
	at com.google.gson.Gson.fromJson(Gson.java:852) ~[Gson.class:?]
	at com.google.gson.Gson.fromJson(Gson.java:801) ~[Gson.class:?]
	at com.google.gson.Gson.fromJson(Gson.java:773) ~[Gson.class:?]
	at com.someguyssoftware.gottschcore.loot.LootTableManager.loadLootTable(LootTableManager.java:209) ~[LootTableManager.class:?]
	at com.someguyssoftware.gottschcore.loot.LootTableManager$Loader.loadLootTable(LootTableManager.java:154) [LootTableManager$Loader.class:?]
	at com.someguyssoftware.gottschcore.loot.LootTableManager$Loader.load(LootTableManager.java:113) [LootTableManager$Loader.class:?]
	at com.someguyssoftware.gottschcore.loot.LootTableManager$Loader.load(LootTableManager.java:103) [LootTableManager$Loader.class:?]
	at com.google.common.cache.LocalCache$LoadingValueReference.loadFuture(LocalCache.java:3716) [minecraft_server.1.12.2.jar:?]
	at com.google.common.cache.LocalCache$Segment.loadSync(LocalCache.java:2424) [minecraft_server.1.12.2.jar:?]
	at com.google.common.cache.LocalCache$Segment.lockedGetOrLoad(LocalCache.java:2298) [minecraft_server.1.12.2.jar:?]
	at com.google.common.cache.LocalCache$Segment.get(LocalCache.java:2211) [minecraft_server.1.12.2.jar:?]
	at com.google.common.cache.LocalCache.get(LocalCache.java:4154) [minecraft_server.1.12.2.jar:?]
	at com.google.common.cache.LocalCache.getOrLoad(LocalCache.java:4158) [minecraft_server.1.12.2.jar:?]
	at com.google.common.cache.LocalCache$LocalLoadingCache.get(LocalCache.java:5147) [minecraft_server.1.12.2.jar:?]
	at com.google.common.cache.LocalCache$LocalLoadingCache.getUnchecked(LocalCache.java:5153) [minecraft_server.1.12.2.jar:?]
	at com.someguyssoftware.gottschcore.loot.LootTableManager.getLootTableFromLocation(LootTableManager.java:90) [LootTableManager.class:?]
	at com.someguyssoftware.treasure2.loot.TreasureLootTableMaster.register(TreasureLootTableMaster.java:145) [TreasureLootTableMaster.class:?]
	at com.someguyssoftware.treasure2.eventhandler.WorldEventHandler.onWorldLoad(WorldEventHandler.java:58) [WorldEventHandler.class:?]
	at net.minecraftforge.fml.common.eventhandler.ASMEventHandler_667_WorldEventHandler_onWorldLoad_Load.invoke(.dynamic) [?:?]
	at net.minecraftforge.fml.common.eventhandler.ASMEventHandler.invoke(ASMEventHandler.java:90) [ASMEventHandler.class:?]
	at net.minecraftforge.fml.common.eventhandler.EventBus.post(EventBus.java:182) [EventBus.class:?]
	at net.minecraft.server.MinecraftServer.func_71247_a(MinecraftServer.java:309) [MinecraftServer.class:?]
	at net.minecraft.server.dedicated.DedicatedServer.func_71197_b(DedicatedServer.java:270) [nz.class:?]
	at net.minecraft.server.MinecraftServer.run(MinecraftServer.java:486) [MinecraftServer.class:?]
	at java.lang.Thread.run(Thread.java:750) [?:1.8.0_432]
2024-12-05 22:26:22,036 [Server thread] INFO Treasure2 | SurfaceChestWorldGenerator.java:364 | CHEATER! SCARCE chest at coords: 24 83 568
2024-12-05 22:26:35,465 [Server thread] INFO Treasure2 | SurfaceChestWorldGenerator.java:364 | CHEATER! UNCOMMON chest at coords: 88 71 600
2024-12-05 22:27:00,506 [Server thread] INFO Treasure2 | SurfaceChestWorldGenerator.java:364 | CHEATER! COMMON chest at coords: -248 77 600
2024-12-05 22:27:24,955 [Server thread] INFO Treasure2 | SurfaceChestWorldGenerator.java:364 | CHEATER! UNCOMMON chest at coords: -248 72 680
2024-12-05 22:27:44,873 [Server thread] INFO Treasure2 | SurfaceChestWorldGenerator.java:364 | CHEATER! SCARCE chest at coords: -152 75 696
2024-12-05 22:29:29,641 [Server thread] INFO Treasure2 | SurfaceChestWorldGenerator.java:364 | CHEATER! COMMON chest at coords: -56 70 712
2024-12-05 22:30:49,939 [Server thread] INFO Treasure2 | WellGenerator.java:114 | CHEATER! Wishing Well at coords: -344 81 374
2024-12-05 22:30:56,682 [Server thread] INFO Treasure2 | SurfaceChestWorldGenerator.java:364 | CHEATER! COMMON chest at coords: -360 68 424
2024-12-05 22:31:37,674 [Server thread] INFO Treasure2 | SurfaceChestWorldGenerator.java:364 | CHEATER! EPIC chest at coords: -376 70 344
2024-12-05 22:31:46,731 [Server thread] INFO Treasure2 | SurfaceChestWorldGenerator.java:364 | CHEATER! COMMON chest at coords: -408 64 552
2024-12-05 22:32:01,713 [Server thread] INFO Treasure2 | SurfaceChestWorldGenerator.java:364 | CHEATER! RARE chest at coords: -440 63 392
2024-12-05 22:34:00,147 [Server thread] INFO Treasure2 | SurfaceChestWorldGenerator.java:364 | CHEATER! COMMON chest at coords: -376 71 728
