[00:00:00] [Server thread/INFO] [tombstone]: All players have been successfully backed up
[00:02:02] [Server thread/INFO] [STDOUT]: [net.tangotek.tektopia.Village:debugOut:133]: [] Village has no Token
[00:02:02] [Server thread/INFO] [STDOUT]: [net.tangotek.tektopia.Village:debugOut:133]: [807] Village ADDED - [807]   13d7da9c-3593-4a96-8269-64e6fa2d1263
[00:02:02] [Server thread/INFO] [STDOUT]: [net.tangotek.tektopia.Village:debugOut:133]: [807] Adding structure TOWNHALL [BlockPos{x=1324, y=69, z=658}]
[00:02:02] [Server thread/INFO] [STDOUT]: [net.tangotek.tektopia.Village:debugOut:133]: [807] Adding structure HOME2 [BlockPos{x=1318, y=68, z=670}]
[00:02:02] [Server thread/INFO] [STDOUT]: [net.tangotek.tektopia.Village:debugOut:133]: [807] Adding structure HOME6 [BlockPos{x=1318, y=68, z=677}]
[00:02:02] [Server thread/INFO] [STDOUT]: [net.tangotek.tektopia.Village:debugOut:133]: [807] Adding structure HOME2 [BlockPos{x=1334, y=70, z=662}]
[00:02:02] [Server thread/INFO] [STDOUT]: [net.tangotek.tektopia.Village:debugOut:133]: [807] Storage Chest [BlockPos{x=1340, y=69, z=649}]   Added    (1 total)
[00:02:02] [Server thread/INFO] [STDOUT]: [net.tangotek.tektopia.Village:debugOut:133]: [807] Storage Chest [BlockPos{x=1338, y=69, z=654}]   Added    (2 total)
[00:02:02] [Server thread/INFO] [STDOUT]: [net.tangotek.tektopia.Village:debugOut:133]: [807] Storage Chest [BlockPos{x=1342, y=69, z=649}]   Added    (3 total)
[00:02:02] [Server thread/INFO] [STDOUT]: [net.tangotek.tektopia.Village:debugOut:133]: [807] Adding structure STORAGE [BlockPos{x=1338, y=69, z=658}]
[00:02:02] [Server thread/INFO] [STDOUT]: [net.tangotek.tektopia.Village:debugOut:133]: [807] Adding structure HOME2 [BlockPos{x=1343, y=69, z=662}]
[00:02:02] [Server thread/INFO] [STDOUT]: [net.tangotek.tektopia.Village:debugOut:133]: [807] Adding structure HOME6 [BlockPos{x=1284, y=71, z=685}]
[00:02:02] [Server thread/INFO] [STDOUT]: [net.tangotek.tektopia.Village:debugOut:133]: [807] Adding structure HOME2 [BlockPos{x=1306, y=67, z=681}]
[00:02:02] [Server thread/INFO] [STDOUT]: [net.tangotek.tektopia.Village:debugOut:133]: [807] Adding structure HOME2 [BlockPos{x=1297, y=66, z=681}]
[00:02:02] [Server thread/INFO] [STDOUT]: [net.tangotek.tektopia.Village:debugOut:133]: [807] Adding structure HOME2 [BlockPos{x=1355, y=64, z=639}]
[00:02:02] [Server thread/INFO] [STDOUT]: [net.tangotek.tektopia.Village:debugOut:133]: [807] Adding structure HOME2 [BlockPos{x=1355, y=68, z=647}]
[00:02:04] [Server thread/INFO] [STDOUT]: [net.tangotek.tektopia.Village:debugOut:133]: [807] EntityFarmer|Remora Revenmar|2069  Attaching to village
[00:02:04] [Server thread/INFO] [STDOUT]: [net.tangotek.tektopia.Village:debugOut:133]: [807] EntityFarmer|Zaid Bakaneko|4429  Attaching to village
[00:02:05] [Server thread/INFO] [STDOUT]: [net.tangotek.tektopia.Village:debugOut:133]: [807] EntityFarmer|Austin Kroft|2068  Attaching to village
[00:02:05] [Server thread/INFO] [STDOUT]: [net.tangotek.tektopia.Village:debugOut:133]: [807] EntityFarmer|Jaelynn Cassanova|4428  Attaching to village
[00:02:05] [Server thread/INFO] [STDOUT]: [net.tangotek.tektopia.Village:debugOut:133]: [807] Village REMOVED - [807]   13d7da9c-3593-4a96-8269-64e6fa2d1263
[00:02:05] [Server thread/INFO] [STDOUT]: [net.tangotek.tektopia.Village:debugOut:133]: [807] == Village being destroyed ==
[00:02:19] [Server thread/INFO] [STDOUT]: [net.tangotek.tektopia.Village:debugOut:133]: [] Village has no Token
[00:02:19] [Server thread/INFO] [STDOUT]: [net.tangotek.tektopia.Village:debugOut:133]: [W2M] Village ADDED - [W2M]   13d7da9c-3593-4a96-8269-64e6fa2d1263
[00:02:19] [Server thread/INFO] [STDOUT]: [net.tangotek.tektopia.Village:debugOut:133]: [W2M] Adding structure TOWNHALL [BlockPos{x=1324, y=69, z=658}]
[00:02:19] [Server thread/INFO] [STDOUT]: [net.tangotek.tektopia.Village:debugOut:133]: [W2M] Adding structure HOME2 [BlockPos{x=1318, y=68, z=670}]
[00:02:19] [Server thread/INFO] [STDOUT]: [net.tangotek.tektopia.Village:debugOut:133]: [W2M] Adding structure HOME6 [BlockPos{x=1318, y=68, z=677}]
[00:02:19] [Server thread/INFO] [STDOUT]: [net.tangotek.tektopia.Village:debugOut:133]: [W2M] Adding structure HOME2 [BlockPos{x=1334, y=70, z=662}]
[00:02:19] [Server thread/INFO] [STDOUT]: [net.tangotek.tektopia.Village:debugOut:133]: [W2M] Storage Chest [BlockPos{x=1340, y=69, z=649}]   Added    (1 total)
[00:02:19] [Server thread/INFO] [STDOUT]: [net.tangotek.tektopia.Village:debugOut:133]: [W2M] Storage Chest [BlockPos{x=1338, y=69, z=654}]   Added    (2 total)
[00:02:19] [Server thread/INFO] [STDOUT]: [net.tangotek.tektopia.Village:debugOut:133]: [W2M] Storage Chest [BlockPos{x=1342, y=69, z=649}]   Added    (3 total)
[00:02:19] [Server thread/INFO] [STDOUT]: [net.tangotek.tektopia.Village:debugOut:133]: [W2M] Adding structure STORAGE [BlockPos{x=1338, y=69, z=658}]
[00:02:19] [Server thread/INFO] [STDOUT]: [net.tangotek.tektopia.Village:debugOut:133]: [W2M] Adding structure HOME2 [BlockPos{x=1343, y=69, z=662}]
[00:02:19] [Server thread/INFO] [STDOUT]: [net.tangotek.tektopia.Village:debugOut:133]: [W2M] Adding structure HOME6 [BlockPos{x=1284, y=71, z=685}]
[00:02:19] [Server thread/INFO] [STDOUT]: [net.tangotek.tektopia.Village:debugOut:133]: [W2M] Adding structure HOME2 [BlockPos{x=1306, y=67, z=681}]
[00:02:19] [Server thread/INFO] [STDOUT]: [net.tangotek.tektopia.Village:debugOut:133]: [W2M] Adding structure HOME2 [BlockPos{x=1297, y=66, z=681}]
[00:02:19] [Server thread/INFO] [STDOUT]: [net.tangotek.tektopia.Village:debugOut:133]: [W2M] Adding structure HOME2 [BlockPos{x=1355, y=64, z=639}]
[00:02:19] [Server thread/INFO] [STDOUT]: [net.tangotek.tektopia.Village:debugOut:133]: [W2M] Adding structure HOME2 [BlockPos{x=1355, y=68, z=647}]
[00:02:21] [Server thread/INFO] [STDOUT]: [net.tangotek.tektopia.Village:debugOut:133]: [W2M] EntityFarmer|Zaid Bakaneko|4703  Attaching to village
[00:02:21] [Server thread/INFO] [STDOUT]: [net.tangotek.tektopia.Village:debugOut:133]: [W2M] EntityLumberjack|Nate Fallenbridge|834  Attaching to village
[00:02:22] [Server thread/INFO] [STDOUT]: [net.tangotek.tektopia.Village:debugOut:133]: [W2M] Village REMOVED - [W2M]   13d7da9c-3593-4a96-8269-64e6fa2d1263
[00:02:22] [Server thread/INFO] [STDOUT]: [net.tangotek.tektopia.Village:debugOut:133]: [W2M] == Village being destroyed ==
[00:02:30] [Server thread/INFO] [net.minecraft.network.NetHandlerPlayServer]: MAXI999 lost connection: Disconnected
[00:02:30] [Server thread/INFO] [net.minecraft.server.dedicated.DedicatedServer]: MAXI999 left the game
